============================= test session starts ==============================
platform darwin -- Python 3.13.2, pytest-9.1.1, pluggy-1.6.0
rootdir: /Users/ashishsingh/Desktop/amaura_jarivs/Amaura-JARVIS-v5.4
configfile: pyproject.toml
plugins: langsmith-0.10.13, anyio-4.14.2, Faker-40.36.0
collected 451 items

tests/test_amaura_assets.py ..                                           [  0%]
tests/test_amaura_autopilot.py ..                                        [  0%]
tests/test_amaura_commands.py .                                          [  1%]
tests/test_amaura_company_api.py ....                                    [  1%]
tests/test_amaura_company_system.py ..........                           [  4%]
tests/test_amaura_contract.py ..                                         [  4%]
tests/test_amaura_distribution.py .......                                [  6%]
tests/test_amaura_e2e.py .                                               [  6%]
tests/test_amaura_full_company_autonomy.py ..............                [  9%]
tests/test_amaura_growth.py .........                                    [ 11%]
tests/test_amaura_jarvis_v4.py .......                                   [ 13%]
tests/test_amaura_jarvis_v41.py ..............                           [ 16%]
tests/test_amaura_jarvis_v5.py ..........                                [ 18%]
tests/test_amaura_jarvis_v51.py ............                             [ 21%]
tests/test_amaura_jarvis_v52.py .............                            [ 23%]
tests/test_amaura_launch_hardening.py ..............                     [ 27%]
tests/test_amaura_macos_service.py ..                                    [ 27%]
tests/test_amaura_mission_control.py ...........                         [ 29%]
tests/test_amaura_os.py .............                                    [ 32%]
tests/test_amaura_oss_capabilities.py ....................               [ 37%]
tests/test_amaura_p0_fixes.py ............................               [ 43%]
tests/test_amaura_p0_remediation.py .......                              [ 45%]
tests/test_amaura_production.py ...............                          [ 48%]
tests/test_amaura_providers.py ...                                       [ 49%]
tests/test_amaura_release_builder.py ..                                  [ 49%]
tests/test_amaura_store.py .                                             [ 49%]
tests/test_amaura_supervisor.py .........                                [ 51%]
tests/test_amaura_trust_foundation.py .......                            [ 53%]
tests/test_amaura_v350_hardening.py ..............                       [ 56%]
tests/test_amaura_v351_remediation.py ...............                    [ 59%]
tests/test_amaura_v352_security.py ........                              [ 61%]
tests/test_amaura_v353_security.py .......                               [ 62%]
tests/test_amaura_v360_integrations.py ...............                   [ 66%]
tests/test_amaura_v361_blocker_fixes.py .s......                         [ 68%]
tests/test_amaura_v361_resource_security.py ...........                  [ 70%]
tests/test_amaura_ventures.py ......                                     [ 71%]
tests/test_amaura_ventures_cashflow.py ............................      [ 78%]
tests/test_antigravity_contract.py .............................         [ 84%]
tests/test_app_builder.py .                                              [ 84%]
tests/test_ast_indexer.py .                                              [ 84%]
tests/test_browser.py ....                                               [ 85%]
tests/test_fable_engine.py ..........                                    [ 88%]
tests/test_fleet.py ..                                                   [ 88%]
tests/test_macos_app_control.py .....                                    [ 89%]
tests/test_omniroute_integration.py ...........................          [ 95%]
tests/test_registry.py ..                                                [ 96%]
tests/test_router.py ..                                                  [ 96%]
tests/test_tdd_loop.py .                                                 [ 96%]
tests/test_vector_memory.py ......                                       [ 98%]
tests/test_vision.py .....                                               [ 99%]
tests/test_voice.py ....                                                 [100%]

=============================== warnings summary ===============================
.venv/lib/python3.13/site-packages/speech_recognition/__init__.py:7
  /Users/ashishsingh/Desktop/amaura_jarivs/Amaura-JARVIS-v5.4/.venv/lib/python3.13/site-packages/speech_recognition/__init__.py:7: DeprecationWarning: aifc was removed in Python 3.13. Please be aware that you are currently NOT using standard 'aifc', but instead a separately installed 'standard-aifc'.
    import aifc

tests/test_amaura_v353_security.py::test_websocket_always_requires_key
tests/test_fable_engine.py::TestFableEngineIntegration::test_agent_does_not_mutate_process_working_directory
tests/test_fable_engine.py::TestFableEngineIntegration::test_agent_run_fable_reasoning
tests/test_voice.py::TestStreamingVoice::test_tool_dispatches
  /Users/ashishsingh/Desktop/amaura_jarivs/Amaura-JARVIS-v5.4/.venv/lib/python3.13/site-packages/httpx/_config.py:51: DeprecationWarning: `verify=<str>` is deprecated. Use `verify=ssl.create_default_context(cafile=...)` or `verify=ssl.create_default_context(capath=...)` instead.
    warnings.warn(message, DeprecationWarning)

-- Docs: https://docs.pytest.org/en/stable/how-to/capture-warnings.html
- generated xml file: /Users/ashishsingh/Desktop/amaura_jarivs/Amaura-JARVIS-v5.4/qualification_evidence/20260812_193925/pytest_report.xml -
================= 450 passed, 1 skipped, 5 warnings in 44.62s ==================
