<?xml version="1.0" encoding="utf-8"?><testsuites name="pytest tests"><testsuite name="pytest" errors="0" failures="0" skipped="1" tests="455" time="50.100" timestamp="2026-08-13T00:29:46.151406+05:30" hostname="Akshats-Laptop-4.local"><testcase classname="tests.test_amaura_assets" name="test_campaign_schema_validation" time="0.048" /><testcase classname="tests.test_amaura_assets" name="test_asset_schema_validation" time="0.003" /><testcase classname="tests.test_amaura_autopilot" name="test_autopilot_creates_one_weekly_review_idempotently" time="0.023" /><testcase classname="tests.test_amaura_autopilot" name="test_autopilot_tick_combines_cadence_execution_and_briefing" time="0.028" /><testcase classname="tests.test_amaura_commands.TestAmauraCommands" name="test_command_handlers_match_contract" time="0.004" /><testcase classname="tests.test_amaura_company_api" name="test_company_api_bootstrap_signal_status_and_kill_switch" time="0.048" /><testcase classname="tests.test_amaura_company_api" name="test_company_api_founder_surfaces_reject_operator_key" time="0.001" /><testcase classname="tests.test_amaura_company_api" name="test_ventures_api_enforces_operator_and_founder_boundaries" time="0.034" /><testcase classname="tests.test_amaura_company_api" name="test_cashflow_api_dashboard_tick_and_founder_stream" time="0.184" /><testcase classname="tests.test_amaura_company_system" name="test_complete_company_registry_and_workflow_catalogue" time="0.000" /><testcase classname="tests.test_amaura_company_system" name="test_tool_schemas_are_unique_and_match_employee_contracts" time="0.000" /><testcase classname="tests.test_amaura_company_system" name="test_company_blueprint_is_actionable_and_mac_aware" time="0.000" /><testcase classname="tests.test_amaura_company_system" name="test_free_first_router_prefers_builtin_and_can_select_nvidia" time="0.000" /><testcase classname="tests.test_amaura_company_system" name="test_subscription_resources_are_never_silently_selected" time="0.000" /><testcase classname="tests.test_amaura_company_system" name="test_founder_handoffs_are_content_addressed_and_do_not_execute" time="0.001" /><testcase classname="tests.test_amaura_company_system" name="test_flow_handoff_requires_scene_prompts_and_stays_private" time="0.001" /><testcase classname="tests.test_amaura_company_system" name="test_new_company_workflows_instantiate_in_durable_control_plane" time="0.023" /><testcase classname="tests.test_amaura_company_system" name="test_legacy_fable_executor_rejects_workspace_escape_and_shell_chaining" time="0.001" /><testcase classname="tests.test_amaura_company_system" name="test_legacy_fable_dashboard_is_disabled_by_default" time="0.000" /><testcase classname="tests.test_amaura_company_system" name="test_incident_response_workflow_policy_validation" time="0.020" /><testcase classname="tests.test_amaura_company_system" name="test_policy_engine_rejects_unauthorized_risk_assignment" time="0.000" /><testcase classname="tests.test_amaura_contract.TestAmauraReleaseContract" name="test_every_employee_tool_is_executable_and_declared" time="0.000" /><testcase classname="tests.test_amaura_contract.TestAmauraReleaseContract" name="test_release_automation_covers_python_311_and_312" time="0.001" /><testcase classname="tests.test_amaura_distribution" name="test_publication_is_hash_bound_and_founder_approved" time="0.024" /><testcase classname="tests.test_amaura_distribution" name="test_publication_confirmation_requires_exact_signed_receipt" time="0.039" /><testcase classname="tests.test_amaura_distribution" name="test_public_adapter_requires_provider_echoes" time="0.001" /><testcase classname="tests.test_amaura_distribution" name="test_ambiguous_publish_is_quarantined" time="0.092" /><testcase classname="tests.test_amaura_distribution" name="test_metrics_create_evidence_backed_learning" time="0.067" /><testcase classname="tests.test_amaura_distribution" name="test_autopilot_enqueues_approved_due_publication" time="1.206" /><testcase classname="tests.test_amaura_distribution" name="test_concurrent_autopilots_enqueue_one_publication" time="0.041" /><testcase classname="tests.test_amaura_e2e" name="test_end_to_end_campaign_and_assets" time="0.048" /><testcase classname="tests.test_amaura_full_company_autonomy" name="test_full_company_bootstrap_is_idempotent" time="0.030" /><testcase classname="tests.test_amaura_full_company_autonomy" name="test_every_autonomy_workflow_exists_and_has_independent_reviewers" time="0.000" /><testcase classname="tests.test_amaura_full_company_autonomy" name="test_signal_ingestion_is_idempotent_and_creates_one_programme" time="0.033" /><testcase classname="tests.test_amaura_full_company_autonomy" name="test_signal_claim_is_exactly_once_across_connections" time="0.031" /><testcase classname="tests.test_amaura_full_company_autonomy" name="test_signal_budget_cap_prevents_runaway_work" time="0.032" /><testcase classname="tests.test_amaura_full_company_autonomy" name="test_paused_department_blocks_objective_and_signal_planning" time="0.048" /><testcase classname="tests.test_amaura_full_company_autonomy" name="test_failure_circuit_breaker_pauses_department" time="0.030" /><testcase classname="tests.test_amaura_full_company_autonomy" name="test_autopilot_records_run_and_processes_signal" time="0.059" /><testcase classname="tests.test_amaura_full_company_autonomy" name="test_invalid_signal_and_non_founder_department_change_are_rejected" time="0.036" /><testcase classname="tests.test_amaura_full_company_autonomy" name="test_autonomy_run_results_are_bounded" time="0.030" /><testcase classname="tests.test_amaura_full_company_autonomy" name="test_self_observation_detects_alert_failed_task_and_weak_content" time="0.029" /><testcase classname="tests.test_amaura_full_company_autonomy" name="test_self_observation_detects_monthly_cost_pressure" time="0.026" /><testcase classname="tests.test_amaura_full_company_autonomy" name="test_autopilot_creates_verified_daily_backup_once" time="0.025" /><testcase classname="tests.test_amaura_full_company_autonomy" name="test_autopilot_backup_can_be_disabled" time="0.053" /><testcase classname="tests.test_amaura_growth.TestAmauraGrowthSystem" name="test_concurrent_daily_discovery_cap_is_atomic" time="0.070" /><testcase classname="tests.test_amaura_growth.TestAmauraGrowthSystem" name="test_concurrent_domain_deduplication_and_integrity" time="0.065" /><testcase classname="tests.test_amaura_growth.TestAmauraGrowthSystem" name="test_content_factory_requires_hashes_licences_and_complete_qa_set" time="0.022" /><testcase classname="tests.test_amaura_growth.TestAmauraGrowthSystem" name="test_evidence_is_scanned_and_scoring_is_deterministic" time="0.025" /><testcase classname="tests.test_amaura_growth.TestAmauraGrowthSystem" name="test_founder_prompts_and_expanded_workforce_are_packaged" time="0.053" /><testcase classname="tests.test_amaura_growth.TestAmauraGrowthSystem" name="test_n8n_and_imessage_receipts_confirm_matching_channels" time="0.044" /><testcase classname="tests.test_amaura_growth.TestAmauraGrowthSystem" name="test_new_workflows_build_complete_dependency_graphs" time="0.053" /><testcase classname="tests.test_amaura_growth.TestAmauraGrowthSystem" name="test_opt_out_and_kill_switch_are_immediate" time="0.038" /><testcase classname="tests.test_amaura_growth.TestAmauraGrowthSystem" name="test_outbound_requires_evidence_score_founder_and_provider_confirmation" time="0.029" /><testcase classname="tests.test_amaura_jarvis_v4" name="test_goal_compiler_creates_dynamic_software_dag" time="0.093" /><testcase classname="tests.test_amaura_jarvis_v4" name="test_goal_compiler_recognises_new_game_as_software" time="0.000" /><testcase classname="tests.test_amaura_jarvis_v4" name="test_new_software_project_gets_isolated_managed_workspace" time="0.095" /><testcase classname="tests.test_amaura_jarvis_v4" name="test_jarvis_memory_and_plan_only_goal_are_durable" time="0.088" /><testcase classname="tests.test_amaura_jarvis_v4" name="test_antigravity_backend_is_handoff_not_fake_execution" time="0.125" /><testcase classname="tests.test_amaura_jarvis_v4" name="test_noryx_bridge_is_fail_closed_and_secret_minimizing" time="0.703" /><testcase classname="tests.test_amaura_jarvis_v4" name="test_legacy_nexus_receipt_identity_is_preserved" time="0.257" /><testcase classname="tests.test_amaura_jarvis_v41" name="test_intent_engine_routes_questions_and_explicit_work" time="0.001" /><testcase classname="tests.test_amaura_jarvis_v41" name="test_lightning_path_skips_heavy_context_and_consolidates_after_response" time="0.032" /><testcase classname="tests.test_amaura_jarvis_v41" name="test_lightning_path_retains_short_session_history" time="0.027" /><testcase classname="tests.test_amaura_jarvis_v41" name="test_status_reuses_one_world_snapshot" time="0.054" /><testcase classname="tests.test_amaura_jarvis_v41" name="test_executive_kernel_is_one_front_door_and_fail_closed_without_operator" time="0.082" /><testcase classname="tests.test_amaura_jarvis_v41" name="test_executive_kernel_materializes_authorized_mission" time="0.099" /><testcase classname="tests.test_amaura_jarvis_v41" name="test_unified_memory_and_world_model_share_authoritative_company_state" time="0.062" /><testcase classname="tests.test_amaura_jarvis_v41" name="test_replanning_mutates_dag_and_preserves_failed_history" time="0.151" /><testcase classname="tests.test_amaura_jarvis_v41" name="test_noryx_rejects_exit_zero_without_engineering_evidence" time="0.266" /><testcase classname="tests.test_amaura_jarvis_v41" name="test_noryx_verifies_git_delta_tests_and_secret_isolation" time="0.496" /><testcase classname="tests.test_amaura_jarvis_v41" name="test_voice_push_to_talk_calls_real_command_handler_not_canned_text" time="0.001" /><testcase classname="tests.test_amaura_jarvis_v41" name="test_proactive_cognition_is_persisted" time="0.033" /><testcase classname="tests.test_amaura_jarvis_v41" name="test_unified_memory_clear_scope_preserves_other_scope" time="0.029" /><testcase classname="tests.test_amaura_jarvis_v41" name="test_private_intelligence_benchmark_harness_runs_cognitive_pack" time="0.200" /><testcase classname="tests.test_amaura_jarvis_v5" name="test_plan_only_is_draft_and_not_runnable" time="0.056" /><testcase classname="tests.test_amaura_jarvis_v5" name="test_antigravity_handoff_is_hard_held_and_cannot_activate" time="0.112" /><testcase classname="tests.test_amaura_jarvis_v5" name="test_executable_submission_is_persisted_for_background_runner" time="0.055" /><testcase classname="tests.test_amaura_jarvis_v5" name="test_noryx_independent_verifier_rejects_false_test_claim" time="0.409" /><testcase classname="tests.test_amaura_jarvis_v5" name="test_noryx_independent_verifier_records_real_pass_and_model_provenance" time="0.611" /><testcase classname="tests.test_amaura_jarvis_v5" name="test_cognitive_model_gateway_provider_detection_matches_execution_route" time="0.000" /><testcase classname="tests.test_amaura_jarvis_v5" name="test_memory_builds_provenance_graph_and_preserves_superseded_history" time="0.025" /><testcase classname="tests.test_amaura_jarvis_v5" name="test_reference_resolver_and_chat_mission_control_pause_resume_cancel" time="0.156" /><testcase classname="tests.test_amaura_jarvis_v5" name="test_dynamic_goal_rolls_up_all_hierarchy_levels" time="0.054" /><testcase classname="tests.test_amaura_jarvis_v5" name="test_review_model_provenance_accepts_external_executor_receipt" time="0.022" /><testcase classname="tests.test_amaura_jarvis_v51" name="test_antigravity_cli_structured_sandboxed_delivery_and_independent_verification" time="0.901" /><testcase classname="tests.test_amaura_jarvis_v51" name="test_antigravity_requires_modern_structured_cli" time="0.308" /><testcase classname="tests.test_amaura_jarvis_v51" name="test_antigravity_verifier_rejects_inline_python_and_path_alias" time="0.002" /><testcase classname="tests.test_amaura_jarvis_v51" name="test_antigravity_is_runnable_backend_not_handoff_by_default" time="0.215" /><testcase classname="tests.test_amaura_jarvis_v51" name="test_low_level_claim_refuses_stale_assigned_task_from_held_mission" time="0.086" /><testcase classname="tests.test_amaura_jarvis_v51" name="test_pause_freezes_awaiting_review_and_resume_restores_it" time="0.076" /><testcase classname="tests.test_amaura_jarvis_v51" name="test_generation_token_rejects_stale_running_worker" time="0.070" /><testcase classname="tests.test_amaura_jarvis_v51" name="test_ollama_executive_uses_company_local_model" time="0.000" /><testcase classname="tests.test_amaura_jarvis_v51" name="test_mission_runner_backoff_records_configuration_wait" time="0.069" /><testcase classname="tests.test_amaura_jarvis_v51" name="test_manual_antigravity_handoff_remains_available" time="0.172" /><testcase classname="tests.test_amaura_jarvis_v51" name="test_antigravity_settings_reject_unsandboxed_and_global_file_or_web_allows" time="0.001" /><testcase classname="tests.test_amaura_jarvis_v51" name="test_default_executive_coding_backend_is_antigravity" time="0.000" /><testcase classname="tests.test_amaura_jarvis_v52" name="test_all_public_founder_coding_defaults_are_antigravity" time="0.001" /><testcase classname="tests.test_amaura_jarvis_v52" name="test_memory_mutation_requires_operator_authority" time="0.112" /><testcase classname="tests.test_amaura_jarvis_v52" name="test_finalize_commit_disables_repository_git_hooks" time="0.257" /><testcase classname="tests.test_amaura_jarvis_v52" name="test_antigravity_blocks_workspace_executable_customizations" time="0.273" /><testcase classname="tests.test_amaura_jarvis_v52" name="test_antigravity_blocks_project_scoped_unsandboxed_permission" time="0.242" /><testcase classname="tests.test_amaura_jarvis_v52" name="test_antigravity_pause_terminates_running_process_tree" time="0.714" /><testcase classname="tests.test_amaura_jarvis_v52" name="test_antigravity_exposes_only_linked_worktree_git_metadata" time="0.803" /><testcase classname="tests.test_amaura_jarvis_v52" name="test_antigravity_changed_files_preserves_first_porcelain_filename" time="0.084" /><testcase classname="tests.test_amaura_jarvis_v52" name="test_independent_verifier_uses_headless_sdl_environment" time="0.001" /><testcase classname="tests.test_amaura_jarvis_v52" name="test_independent_verifier_can_fallback_after_macos_sandbox_abort" time="0.046" /><testcase classname="tests.test_amaura_jarvis_v52" name="test_space_path_repository_uses_isolated_clone_and_imports_verified_commit" time="0.519" /><testcase classname="tests.test_amaura_jarvis_v52" name="test_desktop_primary_backend_is_antigravity" time="0.008" /><testcase classname="tests.test_amaura_jarvis_v52" name="test_autonomous_git_rejects_executable_local_filters" time="0.097" /><testcase classname="tests.test_amaura_launch_hardening.TestRuntimeConfiguration" name="test_omniroute_setup_writes_canonical_env_file" time="0.001" /><testcase classname="tests.test_amaura_launch_hardening.TestRuntimeConfiguration" name="test_env_loader_does_not_execute_shell_syntax" time="0.001" /><testcase classname="tests.test_amaura_launch_hardening.TestRuntimeConfiguration" name="test_env_loader_rejects_public_secret_file" time="0.001" /><testcase classname="tests.test_amaura_launch_hardening.TestCriterionEvidenceContract" name="test_strict_review_requires_every_criterion_and_real_reference" time="0.002" /><testcase classname="tests.test_amaura_launch_hardening.TestOutboxLeases" name="test_wrong_worker_cannot_complete_claimed_event" time="0.014" /><testcase classname="tests.test_amaura_launch_hardening.TestOutboxLeases" name="test_expired_email_lease_requires_reconciliation" time="0.014" /><testcase classname="tests.test_amaura_launch_hardening.TestOutboxLeases" name="test_ambiguous_email_dispatch_is_not_replayed" time="0.026" /><testcase classname="tests.test_amaura_launch_hardening.TestOutboxFounderReconciliation" name="test_signed_exact_receipt_completes_quarantined_email" time="0.036" /><testcase classname="tests.test_amaura_launch_hardening.TestOutboxFounderReconciliation" name="test_receipt_for_different_payload_is_rejected" time="0.029" /><testcase classname="tests.test_amaura_launch_hardening.TestOutboxFounderReconciliation" name="test_founder_can_fail_or_requeue_without_silent_state_drift[failed-failed-failed]" time="0.025" /><testcase classname="tests.test_amaura_launch_hardening.TestOutboxFounderReconciliation" name="test_founder_can_fail_or_requeue_without_silent_state_drift[requeue-pending-sending]" time="0.123" /><testcase classname="tests.test_amaura_launch_hardening.TestGitDeliverySafety" name="test_reviewed_commit_merges_and_validates" time="2.300" /><testcase classname="tests.test_amaura_launch_hardening.TestGitDeliverySafety" name="test_target_advance_invalidates_approval" time="0.428" /><testcase classname="tests.test_amaura_launch_hardening.TestGitDeliverySafety" name="test_failed_validation_rolls_back_merge" time="2.623" /><testcase classname="tests.test_amaura_launch_hardening.TestHealthBuildIdProtection" name="test_health_endpoint_includes_build_id_and_pid" time="0.013" /><testcase classname="tests.test_amaura_launch_hardening.TestHealthBuildIdProtection" name="test_stale_backend_build_id_mismatch_rejected" time="0.000" /><testcase classname="tests.test_amaura_macos_service" name="test_launch_agent_payload_contains_no_credentials" time="0.001" /><testcase classname="tests.test_amaura_macos_service" name="test_write_launch_agent_is_valid_private_plist" time="0.003" /><testcase classname="tests.test_amaura_mission_control" name="test_objective_planning_is_persistent_and_idempotent" time="0.032" /><testcase classname="tests.test_amaura_mission_control" name="test_active_programme_cap_prevents_runaway_work" time="0.024" /><testcase classname="tests.test_amaura_mission_control" name="test_progress_requires_evidence_and_completes_target" time="0.031" /><testcase classname="tests.test_amaura_mission_control" name="test_objective_budget_cannot_underfund_workflow" time="0.024" /><testcase classname="tests.test_amaura_mission_control" name="test_distribution_bootstrap_is_idempotent" time="0.023" /><testcase classname="tests.test_amaura_mission_control" name="test_autopilot_kill_switch_stops_planning_and_execution" time="0.032" /><testcase classname="tests.test_amaura_mission_control" name="test_autopilot_plans_objective_and_respects_work_unit_limit" time="0.041" /><testcase classname="tests.test_amaura_mission_control" name="test_cadence_claim_is_cross_connection_idempotent" time="0.042" /><testcase classname="tests.test_amaura_mission_control" name="test_daily_autopilot_budget_is_durable" time="0.032" /><testcase classname="tests.test_amaura_mission_control" name="test_completed_programme_is_credited_once_with_evidence" time="0.029" /><testcase classname="tests.test_amaura_mission_control" name="test_autonomous_mission_runs_to_founder_boundary_then_credits_after_approval" time="0.047" /><testcase classname="tests.test_amaura_os.TestAmauraCompanyOS" name="test_bootstrap_registers_v1_workforce_under_jarvis" time="0.027" /><testcase classname="tests.test_amaura_os.TestAmauraCompanyOS" name="test_company_intent_exposes_control_plane_tools_to_model" time="0.021" /><testcase classname="tests.test_amaura_os.TestAmauraCompanyOS" name="test_governed_employee_cannot_escape_workspace_or_use_shell_operators" time="0.025" /><testcase classname="tests.test_amaura_os.TestAmauraCompanyOS" name="test_governed_runner_dispatches_specialist_then_stops_for_review" time="0.043" /><testcase classname="tests.test_amaura_os.TestAmauraCompanyOS" name="test_jarvis_can_stop_but_only_founder_can_restore_employee" time="0.025" /><testcase classname="tests.test_amaura_os.TestAmauraCompanyOS" name="test_jarvis_creates_full_hierarchy_with_dependency_order" time="0.022" /><testcase classname="tests.test_amaura_os.TestAmauraCompanyOS" name="test_medium_and_high_risk_work_requires_founder_approval" time="0.026" /><testcase classname="tests.test_amaura_os.TestAmauraCompanyOS" name="test_model_cannot_directly_decide_founder_approvals" time="0.021" /><testcase classname="tests.test_amaura_os.TestAmauraCompanyOS" name="test_no_employee_can_certify_own_work" time="0.043" /><testcase classname="tests.test_amaura_os.TestAmauraCompanyOS" name="test_only_jarvis_can_create_or_start_company_work" time="0.039" /><testcase classname="tests.test_amaura_os.TestAmauraCompanyOS" name="test_private_data_never_routes_to_cloud" time="0.031" /><testcase classname="tests.test_amaura_os.TestAmauraCompanyOS" name="test_research_requires_a_falsifiable_hypothesis" time="0.026" /><testcase classname="tests.test_amaura_os.TestAmauraCompanyOS" name="test_tool_cost_and_data_boundaries_are_enforced" time="0.025" /><testcase classname="tests.test_amaura_oss_capabilities" name="test_oss_capability_inventory_is_complete_and_lazy" time="0.914" /><testcase classname="tests.test_amaura_oss_capabilities" name="test_resource_inventory_does_not_require_optional_modules" time="0.004" /><testcase classname="tests.test_amaura_oss_capabilities" name="test_pipeline_plans_prefer_lightweight_then_fallbacks" time="0.289" /><testcase classname="tests.test_amaura_oss_capabilities" name="test_scheduler_serializes_heavy_workers" time="0.114" /><testcase classname="tests.test_amaura_oss_capabilities" name="test_antigravity_handoff_is_workspace_bound_and_human_in_loop" time="0.004" /><testcase classname="tests.test_amaura_oss_capabilities" name="test_mcp_tool_calls_fail_closed_without_operator_enable" time="0.000" /><testcase classname="tests.test_amaura_oss_capabilities" name="test_new_capability_tools_are_published_and_governed" time="0.000" /><testcase classname="tests.test_amaura_oss_capabilities" name="test_capability_execution_requires_matching_employee_permission" time="0.000" /><testcase classname="tests.test_amaura_oss_capabilities" name="test_public_resource_inventory_includes_executor_health" time="0.195" /><testcase classname="tests.test_amaura_oss_capabilities" name="test_capability_policy_is_operation_specific" time="0.000" /><testcase classname="tests.test_amaura_oss_capabilities" name="test_arbitrary_mcp_side_effects_are_not_employee_executable" time="0.000" /><testcase classname="tests.test_amaura_oss_capabilities" name="test_antigravity_handoff_is_allowed_for_jarvis_plan_permission" time="0.000" /><testcase classname="tests.test_amaura_oss_capabilities" name="test_heavy_python_capability_can_execute_in_disposable_worker" time="0.490" /><testcase classname="tests.test_amaura_oss_capabilities" name="test_yt_dlp_download_is_disabled_by_default" time="0.001" /><testcase classname="tests.test_amaura_oss_capabilities" name="test_comfyui_local_endpoint_is_disabled_by_default_on_small_mac_profile" time="0.001" /><testcase classname="tests.test_amaura_oss_capabilities" name="test_operation_contracts_cover_remotion_bootstrap_and_audio_mux" time="0.000" /><testcase classname="tests.test_amaura_oss_capabilities" name="test_remotion_bootstrap_creates_pinned_amaura_template_without_node" time="0.003" /><testcase classname="tests.test_amaura_oss_capabilities" name="test_browser_use_is_opt_in_even_when_package_is_present" time="0.000" /><testcase classname="tests.test_amaura_oss_capabilities" name="test_comfyui_execute_enforces_local_disable_not_only_health" time="0.001" /><testcase classname="tests.test_amaura_oss_capabilities" name="test_media_operations_have_operation_specific_permissions" time="0.000" /><testcase classname="tests.test_amaura_p0_fixes.TestEvidenceRoundTrip" name="test_get_text_via_canonical_reference" time="0.003" /><testcase classname="tests.test_amaura_p0_fixes.TestEvidenceRoundTrip" name="test_get_text_via_ev_prefix" time="0.002" /><testcase classname="tests.test_amaura_p0_fixes.TestEvidenceRoundTrip" name="test_get_text_via_bare_digest" time="0.003" /><testcase classname="tests.test_amaura_p0_fixes.TestEvidenceRoundTrip" name="test_tamper_detected" time="0.003" /><testcase classname="tests.test_amaura_p0_fixes.TestEvidenceRoundTrip" name="test_verify_accepts_canonical_reference" time="0.003" /><testcase classname="tests.test_amaura_p0_fixes.TestProtectedToolRegistry" name="test_mutation_tools_include_previously_missing" time="0.001" /><testcase classname="tests.test_amaura_p0_fixes.TestProtectedToolRegistry" name="test_sensitive_reads_are_protected" time="0.000" /><testcase classname="tests.test_amaura_p0_fixes.TestProtectedToolRegistry" name="test_business_tool_schema_requires_recipient_and_metrics_dispatch" time="0.000" /><testcase classname="tests.test_amaura_p0_fixes.TestMessageRecipientBinding" name="test_stage_message_requires_recipient" time="0.021" /><testcase classname="tests.test_amaura_p0_fixes.TestMessageRecipientBinding" name="test_stage_message_stores_recipient" time="0.018" /><testcase classname="tests.test_amaura_p0_fixes.TestMessageRecipientBinding" name="test_deliver_wrong_recipient_rejected" time="0.029" /><testcase classname="tests.test_amaura_p0_fixes.TestMessageRecipientBinding" name="test_post_approval_subject_mutation_blocked" time="0.016" /><testcase classname="tests.test_amaura_p0_fixes.TestMessageRecipientBinding" name="test_approved_payload_hash_recorded" time="0.014" /><testcase classname="tests.test_amaura_p0_fixes.TestMessageRecipientBinding" name="test_provider_failure_requires_reconciliation_before_retry" time="0.015" /><testcase classname="tests.test_amaura_p0_fixes.TestInjectionQuarantine" name="test_injection_evidence_is_rejected" time="0.014" /><testcase classname="tests.test_amaura_p0_fixes.TestWorktreeActionType" name="test_repository_write_in_executor" time="0.000" /><testcase classname="tests.test_amaura_p0_fixes.TestWorktreeActionType" name="test_repository_write_in_complete_task" time="0.000" /><testcase classname="tests.test_amaura_p0_fixes.TestWorktreeActionType" name="test_merge_failure_check_present" time="0.002" /><testcase classname="tests.test_amaura_p0_fixes.TestModelExecutionReceipt" name="test_receipt_fields_present_in_source" time="0.003" /><testcase classname="tests.test_amaura_p0_fixes.TestReviewerKeyResolution" name="test_returns_none_when_not_configured" time="0.002" /><testcase classname="tests.test_amaura_p0_fixes.TestReviewerKeyResolution" name="test_matches_correct_key" time="0.000" /><testcase classname="tests.test_amaura_p0_fixes.TestReviewerKeyResolution" name="test_rejects_wrong_key" time="0.000" /><testcase classname="tests.test_amaura_p0_fixes.TestJarvisSessionToken" name="test_session_token_attribute_present_in_init" time="0.002" /><testcase classname="tests.test_amaura_p0_fixes.TestJarvisSessionToken" name="test_tool_guard_requires_session_token" time="0.000" /><testcase classname="tests.test_amaura_p0_fixes.TestProgrammeAtomicity" name="test_atomic_block_rolls_back_on_exception" time="0.023" /><testcase classname="tests.test_amaura_p0_fixes.TestProgrammeAtomicity" name="test_sqlite_busy_timeout_set" time="0.020" /><testcase classname="tests.test_amaura_p0_fixes.TestLaunchRuntimeRouting" name="test_daemon_uses_durable_supervisor" time="0.002" /><testcase classname="tests.test_amaura_p0_fixes.TestCapabilityEnforcement" name="test_business_tools_require_matching_permission_scope" time="0.000" /><testcase classname="tests.test_amaura_p0_remediation" name="test_employee_permission_contracts_all_registered_employees_pass" time="0.006" /><testcase classname="tests.test_amaura_p0_remediation" name="test_secret_file_access_blocked" time="0.001" /><testcase classname="tests.test_amaura_p0_remediation" name="test_tool_output_secret_redaction" time="0.000" /><testcase classname="tests.test_amaura_p0_remediation" name="test_untrusted_text_isolation" time="0.000" /><testcase classname="tests.test_amaura_p0_remediation" name="test_outbound_delivery_confirm_from_sending_state" time="0.032" /><testcase classname="tests.test_amaura_p0_remediation" name="test_lead_validation_public_urls_and_email" time="0.026" /><testcase classname="tests.test_amaura_p0_remediation" name="test_release_gate_schema_and_permission_contract" time="3.082" /><testcase classname="tests.test_amaura_production.TestAmauraProductionControls" name="test_deterministic_review_rejects_failed_and_unvaulted_tool_evidence" time="0.002" /><testcase classname="tests.test_amaura_production.TestAmauraProductionControls" name="test_dns_resolution_blocks_private_and_metadata_destinations" time="0.001" /><testcase classname="tests.test_amaura_production.TestAmauraProductionControls" name="test_docker_sandbox_disables_network_and_drops_privileges" time="0.002" /><testcase classname="tests.test_amaura_production.TestAmauraProductionControls" name="test_evidence_vault_is_content_addressed_and_detects_tampering" time="0.003" /><testcase classname="tests.test_amaura_production.TestAmauraProductionControls" name="test_gmail_adapter_requires_real_provider_identifier" time="0.011" /><testcase classname="tests.test_amaura_production.TestAmauraProductionControls" name="test_host_execution_fails_closed_without_break_glass" time="0.001" /><testcase classname="tests.test_amaura_production.TestAmauraProductionControls" name="test_metrics_traces_and_alerts_survive_restart" time="0.032" /><testcase classname="tests.test_amaura_production.TestAmauraProductionControls" name="test_private_publication_adapter_never_accepts_public_visibility" time="0.001" /><testcase classname="tests.test_amaura_production.TestAmauraProductionControls" name="test_provider_receipt_binds_operation_idempotency_and_payload" time="0.000" /><testcase classname="tests.test_amaura_production.TestAmauraProductionControls" name="test_provider_transport_rejects_changed_destination" time="0.001" /><testcase classname="tests.test_amaura_production.TestAmauraProductionControls" name="test_readiness_separates_source_from_unavailable_live_infrastructure" time="0.994" /><testcase classname="tests.test_amaura_production.TestAmauraProductionControls" name="test_review_attestation_is_signed_and_tamper_evident" time="0.000" /><testcase classname="tests.test_amaura_production.TestAmauraProductionControls" name="test_review_models_must_be_distinct_for_production" time="0.181" /><testcase classname="tests.test_amaura_production.TestAmauraProductionControls" name="test_review_task_accepts_real_object_decision_attestation" time="0.028" /><testcase classname="tests.test_amaura_production.TestAmauraProductionControls" name="test_static_release_gate_uses_source_certified_not_ready" time="2.086" /><testcase classname="tests.test_amaura_providers" name="test_provider_matrix_dispatch_gmail" time="0.005" /><testcase classname="tests.test_amaura_providers" name="test_provider_matrix_dispatch_n8n" time="0.003" /><testcase classname="tests.test_amaura_providers" name="test_provider_matrix_dispatch_private_publication" time="0.001" /><testcase classname="tests.test_amaura_release_builder" name="test_release_builder_rejects_runtime_state_and_secrets" time="0.002" /><testcase classname="tests.test_amaura_release_builder" name="test_release_builder_allows_template_and_source" time="0.001" /><testcase classname="tests.test_amaura_store" name="test_company_store_nested_savepoints" time="0.074" /><testcase classname="tests.test_amaura_supervisor.TestAmauraSupervisor" name="test_approval_is_bound_to_exact_payload" time="0.058" /><testcase classname="tests.test_amaura_supervisor.TestAmauraSupervisor" name="test_audit_chain_detects_database_tampering" time="0.034" /><testcase classname="tests.test_amaura_supervisor.TestAmauraSupervisor" name="test_expired_worker_lease_is_recovered" time="0.066" /><testcase classname="tests.test_amaura_supervisor.TestAmauraSupervisor" name="test_explicit_local_mode_is_zero_cost_and_has_no_cloud_fallback" time="0.044" /><testcase classname="tests.test_amaura_supervisor.TestAmauraSupervisor" name="test_policy_blocks_ssrf_shell_injection_and_workspace_escape" time="0.051" /><testcase classname="tests.test_amaura_supervisor.TestAmauraSupervisor" name="test_supervisor_leases_executes_and_reviews_independently" time="0.035" /><testcase classname="tests.test_amaura_supervisor.TestAmauraSupervisor" name="test_transient_failures_retry_once_then_fail_closed" time="0.030" /><testcase classname="tests.test_amaura_supervisor" name="test_cloud_reviewer_uses_distinct_nvidia_model" time="0.038" /><testcase classname="tests.test_amaura_supervisor" name="test_cloud_reviewer_rejects_same_worker_model" time="0.031" /><testcase classname="tests.test_amaura_trust_foundation" name="test_audit_chain_is_atomic_across_processes" time="5.507" /><testcase classname="tests.test_amaura_trust_foundation" name="test_recomputed_history_is_rejected_by_hmac_and_checkpoint" time="0.018" /><testcase classname="tests.test_amaura_trust_foundation" name="test_evidence_reference_binds_provenance_and_detects_manifest_tampering" time="0.002" /><testcase classname="tests.test_amaura_trust_foundation" name="test_request_transport_receives_only_prevalidated_ip" time="0.001" /><testcase classname="tests.test_amaura_trust_foundation" name="test_hud_escapes_model_html_and_server_sets_strict_csp" time="0.099" /><testcase classname="tests.test_amaura_trust_foundation" name="test_local_amaura_reads_require_operator_key" time="0.074" /><testcase classname="tests.test_amaura_trust_foundation" name="test_venture_slot_admission_is_atomic_across_processes" time="2.223" /><testcase classname="tests.test_amaura_v350_hardening" name="test_read_only_mode_cannot_mutate_crm_or_communications" time="0.002" /><testcase classname="tests.test_amaura_v350_hardening" name="test_full_legacy_mode_requires_explicit_break_glass" time="0.001" /><testcase classname="tests.test_amaura_v350_hardening" name="test_review_attestation_binds_actual_provider_and_requested_model" time="0.000" /><testcase classname="tests.test_amaura_v350_hardening" name="test_autopilot_poison_cycle_opens_circuit_without_crash_loop" time="0.001" /><testcase classname="tests.test_amaura_v350_hardening" name="test_imessage_user_data_is_passed_as_arguments_not_script_source" time="0.001" /><testcase classname="tests.test_amaura_v350_hardening" name="test_reminder_preserves_notes_via_argument_binding" time="0.000" /><testcase classname="tests.test_amaura_v350_hardening" name="test_calendar_contract_uses_requested_time_duration_and_notes" time="0.001" /><testcase classname="tests.test_amaura_v350_hardening" name="test_desktop_release_surface_is_complete_and_sandboxed" time="0.003" /><testcase classname="tests.test_amaura_v350_hardening" name="test_runtime_client_does_not_search_legacy_desktop_configuration" time="0.000" /><testcase classname="tests.test_amaura_v350_hardening" name="test_model_gateway_uses_explicit_cloud_model_and_local_fallback" time="0.000" /><testcase classname="tests.test_amaura_v350_hardening" name="test_model_gateway_routes_workers_through_omniroute" time="0.000" /><testcase classname="tests.test_amaura_v350_hardening" name="test_worker_scopes_analyze_code_with_its_declared_path_argument" time="0.002" /><testcase classname="tests.test_amaura_v350_hardening" name="test_private_evaluation_pack_is_hmac_authenticated" time="0.001" /><testcase classname="tests.test_amaura_v350_hardening" name="test_structural_evaluation_rejects_dangerous_tool_call" time="0.000" /><testcase classname="tests.test_amaura_v351_remediation" name="test_expired_external_operation_fails_closed_to_reconciliation[send_email]" time="0.014" /><testcase classname="tests.test_amaura_v351_remediation" name="test_expired_external_operation_fails_closed_to_reconciliation[send_imessage]" time="0.014" /><testcase classname="tests.test_amaura_v351_remediation" name="test_expired_external_operation_fails_closed_to_reconciliation[sync_crm]" time="0.014" /><testcase classname="tests.test_amaura_v351_remediation" name="test_expired_external_operation_fails_closed_to_reconciliation[create_private_draft]" time="0.014" /><testcase classname="tests.test_amaura_v351_remediation" name="test_expired_external_operation_fails_closed_to_reconciliation[publish_content]" time="0.014" /><testcase classname="tests.test_amaura_v351_remediation" name="test_expired_external_operation_fails_closed_to_reconciliation[future_unknown_operation]" time="0.014" /><testcase classname="tests.test_amaura_v351_remediation" name="test_legacy_read_boundary_blocks_escape_and_secrets" time="0.001" /><testcase classname="tests.test_amaura_v351_remediation" name="test_legacy_web_fetch_uses_governed_ssrf_boundary" time="0.000" /><testcase classname="tests.test_amaura_v351_remediation" name="test_json_tool_failure_is_never_reported_as_success" time="0.000" /><testcase classname="tests.test_amaura_v351_remediation" name="test_stripped_audit_integrity_is_not_resigned_on_restart" time="0.017" /><testcase classname="tests.test_amaura_v351_remediation" name="test_desktop_health_challenge_requires_child_secret" time="0.029" /><testcase classname="tests.test_amaura_v351_remediation" name="test_background_service_health_uses_jarvis_key_hmac" time="0.022" /><testcase classname="tests.test_amaura_v351_remediation" name="test_desktop_package_uses_sidecar_dynamic_port_and_authentication" time="0.003" /><testcase classname="tests.test_amaura_v351_remediation" name="test_server_and_desktop_versions_match_current_package" time="0.000" /><testcase classname="tests.test_amaura_v351_remediation" name="test_secret_scan_detects_generic_and_url_credentials" time="0.009" /><testcase classname="tests.test_amaura_v352_security" name="test_read_only_mode_excludes_git_history_and_diff" time="0.001" /><testcase classname="tests.test_amaura_v352_security" name="test_tool_registry_rejects_wrong_types_and_extra_properties" time="0.001" /><testcase classname="tests.test_amaura_v352_security" name="test_git_argument_injection_is_not_executed" time="0.028" /><testcase classname="tests.test_amaura_v352_security" name="test_packaged_python_has_no_shell_true" time="0.006" /><testcase classname="tests.test_amaura_v352_security" name="test_startup_copy_does_not_claim_uncertified_autonomy" time="0.008" /><testcase classname="tests.test_amaura_v352_security" name="test_installation_resources_are_embedded_and_version_aligned" time="0.006" /><testcase classname="tests.test_amaura_v352_security" name="test_static_doctor_does_not_require_runtime_initialisation" time="0.003" /><testcase classname="tests.test_amaura_v352_security" name="test_environment_bootstrap_generates_distinct_non_placeholder_authorities" time="0.001" /><testcase classname="tests.test_amaura_v353_security" name="test_configured_host_is_passed_to_uvicorn" time="0.000" /><testcase classname="tests.test_amaura_v353_security" name="test_non_loopback_bind_fails_closed_without_strong_key" time="0.000" /><testcase classname="tests.test_amaura_v353_security" name="test_general_api_requires_local_key_when_configured" time="0.645" /><testcase classname="tests.test_amaura_v353_security" name="test_websocket_always_requires_key" time="0.059" /><testcase classname="tests.test_amaura_v353_security" name="test_legacy_web_exports_governed_server" time="0.001" /><testcase classname="tests.test_amaura_v353_security" name="test_external_process_calls_are_bounded" time="0.000" /><testcase classname="tests.test_amaura_v353_security" name="test_security_scanner_rejects_hard_coded_wildcard_bind" time="0.010" /><testcase classname="tests.test_amaura_v360_integrations" name="test_assisted_outreach_is_founder_confirmed_end_to_end" time="0.027" /><testcase classname="tests.test_amaura_v360_integrations" name="test_assisted_handoff_is_idempotent_and_never_auto_sends" time="0.001" /><testcase classname="tests.test_amaura_v360_integrations" name="test_inbox_ingestion_classifies_and_stages_founder_review" time="0.024" /><testcase classname="tests.test_amaura_v360_integrations" name="test_opt_out_is_enforced_immediately" time="0.022" /><testcase classname="tests.test_amaura_v360_integrations" name="test_gmail_parser_and_meta_signature" time="0.000" /><testcase classname="tests.test_amaura_v360_integrations" name="test_meta_webhook_parses_whatsapp_and_messenger" time="0.000" /><testcase classname="tests.test_amaura_v360_integrations" name="test_integration_action_requires_founder_and_enqueues_once" time="0.021" /><testcase classname="tests.test_amaura_v360_integrations" name="test_external_kill_switch_blocks_approval_and_dispatch" time="0.023" /><testcase classname="tests.test_amaura_v360_integrations" name="test_provider_circuit_breaker" time="0.020" /><testcase classname="tests.test_amaura_v360_integrations" name="test_workspace_adapters_issue_signed_receipts" time="0.001" /><testcase classname="tests.test_amaura_v360_integrations" name="test_telegram_notification_requires_exact_founder_chat" time="0.000" /><testcase classname="tests.test_amaura_v360_integrations" name="test_invoice_generation_is_local_and_payment_is_not_self_confirmed" time="0.020" /><testcase classname="tests.test_amaura_v360_integrations" name="test_public_discovery_runner_persists_evidence_and_scores" time="0.022" /><testcase classname="tests.test_amaura_v360_integrations" name="test_nexus_bridge_uses_argv_timeout_and_result_receipt" time="0.033" /><testcase classname="tests.test_amaura_v360_integrations" name="test_reply_classifier_defaults_to_unclear" time="0.001" /><testcase classname="tests.test_amaura_v361_blocker_fixes" name="test_reply_classifier_prioritises_rejection_and_plain_stop" time="0.000" /><testcase classname="tests.test_amaura_v361_blocker_fixes" name="test_assisted_handoff_does_not_leak_file_descriptors" time="0.001"><skipped type="pytest.skip" message="File descriptor accounting requires /proc">/Users/ashishsingh/Desktop/amaura_jarivs/Amaura-JARVIS-v5.4/tests/test_amaura_v361_blocker_fixes.py:35: File descriptor accounting requires /proc</skipped></testcase><testcase classname="tests.test_amaura_v361_blocker_fixes" name="test_integration_approval_is_atomic_and_retryable" time="0.021" /><testcase classname="tests.test_amaura_v361_blocker_fixes" name="test_legacy_approved_without_outbox_is_recovered" time="0.021" /><testcase classname="tests.test_amaura_v361_blocker_fixes" name="test_integration_risk_cannot_be_downgraded" time="0.021" /><testcase classname="tests.test_amaura_v361_blocker_fixes" name="test_robots_fetch_failure_fails_closed" time="0.000" /><testcase classname="tests.test_amaura_v361_blocker_fixes" name="test_invoice_idempotency_and_state_machine" time="0.036" /><testcase classname="tests.test_amaura_v361_blocker_fixes" name="test_gmail_sync_paginates_and_acknowledges_durable_messages" time="0.069" /><testcase classname="tests.test_amaura_v361_resource_security" name="test_v361_default_memory_policy_matches_small_mac_profile" time="0.000" /><testcase classname="tests.test_amaura_v361_resource_security" name="test_native_resource_fallback_works_without_psutil" time="0.033" /><testcase classname="tests.test_amaura_v361_resource_security" name="test_mac_recovered_native_pressure_is_not_red_from_sticky_swap" time="0.000" /><testcase classname="tests.test_amaura_v361_resource_security" name="test_cross_process_ledger_allows_only_one_heavy_job" time="0.001" /><testcase classname="tests.test_amaura_v361_resource_security" name="test_pressure_mode_blocks_new_heavy_workers" time="0.001" /><testcase classname="tests.test_amaura_v361_resource_security" name="test_yellow_pressure_allows_one_pressure_bounded_remote_worker" time="0.001" /><testcase classname="tests.test_amaura_v361_resource_security" name="test_isolated_worker_environment_scrubs_unrelated_secrets" time="0.001" /><testcase classname="tests.test_amaura_v361_resource_security" name="test_subprocess_tree_is_killed_when_rss_ceiling_is_exceeded" time="0.008" /><testcase classname="tests.test_amaura_v361_resource_security" name="test_mcp_contract_exposes_server_id_not_process_launch_parameters" time="0.000" /><testcase classname="tests.test_amaura_v361_resource_security" name="test_playwright_request_guard_blocks_private_and_websocket_destinations" time="0.000" /><testcase classname="tests.test_amaura_v361_resource_security" name="test_remotion_render_rejects_template_tampering" time="0.004" /><testcase classname="tests.test_amaura_ventures" name="test_venture_catalogue_and_score_are_deterministic" time="0.083" /><testcase classname="tests.test_amaura_ventures" name="test_venture_rejects_weak_or_unbounded_ideas" time="0.052" /><testcase classname="tests.test_amaura_ventures" name="test_founder_starts_one_timeboxed_validation_sprint" time="0.031" /><testcase classname="tests.test_amaura_ventures" name="test_venture_metric_requires_evidence_and_drives_recommendation" time="0.030" /><testcase classname="tests.test_amaura_ventures" name="test_expired_weak_sprint_recommends_kill" time="0.029" /><testcase classname="tests.test_amaura_ventures" name="test_company_bootstrap_includes_separate_ventures_objectives" time="0.033" /><testcase classname="tests.test_amaura_ventures_cashflow" name="test_cashflow_lane_catalogue_and_ranking" time="0.029" /><testcase classname="tests.test_amaura_ventures_cashflow" name="test_stream_creation_is_founder_gated_and_time_bounded" time="0.026" /><testcase classname="tests.test_amaura_ventures_cashflow" name="test_cashflow_financial_ledger_and_portfolio" time="0.041" /><testcase classname="tests.test_amaura_ventures_cashflow" name="test_cashflow_action_queue_fails_closed_for_external_actions" time="0.300" /><testcase classname="tests.test_amaura_ventures_cashflow" name="test_cashflow_rejects_spam_and_plagiarism" time="0.067" /><testcase classname="tests.test_amaura_ventures_cashflow" name="test_goal_compiler_routes_side_hustle_to_ventures" time="0.004" /><testcase classname="tests.test_amaura_ventures_cashflow" name="test_company_bootstrap_includes_cashflow_objective" time="0.046" /><testcase classname="tests.test_amaura_ventures_cashflow" name="test_financial_events_are_idempotent_and_currency_safe" time="0.045" /><testcase classname="tests.test_amaura_ventures_cashflow" name="test_founder_time_cap_is_portfolio_wide" time="0.034" /><testcase classname="tests.test_amaura_ventures_cashflow" name="test_arbitrary_receipt_string_cannot_create_revenue" time="0.043" /><testcase classname="tests.test_amaura_ventures_cashflow" name="test_founder_manual_finance_is_separate_from_provider_verified" time="0.035" /><testcase classname="tests.test_amaura_ventures_cashflow" name="test_cashflow_action_uses_canonical_company_approval" time="0.080" /><testcase classname="tests.test_amaura_ventures_cashflow" name="test_cashflow_action_payload_mutation_invalidates_approval" time="0.037" /><testcase classname="tests.test_amaura_ventures_cashflow" name="test_internal_cashflow_action_materializes_jarvis_mission" time="0.110" /><testcase classname="tests.test_amaura_ventures_cashflow" name="test_provider_receipt_cannot_be_replayed_with_different_amount" time="0.029" /><testcase classname="tests.test_amaura_ventures_cashflow" name="test_unit_economics_separate_cogs_marketing_tax_and_operating_cost" time="0.032" /><testcase classname="tests.test_amaura_ventures_cashflow" name="test_lane_ranking_learns_from_real_stream_outcomes" time="0.039" /><testcase classname="tests.test_amaura_ventures_cashflow" name="test_founder_attention_admission_is_atomic_across_connections" time="0.070" /><testcase classname="tests.test_amaura_ventures_cashflow" name="test_live_stream_cap_transition_is_atomic" time="0.052" /><testcase classname="tests.test_amaura_ventures_cashflow" name="test_runtime_status_api_is_exposed" time="0.000" /><testcase classname="tests.test_amaura_ventures_cashflow" name="test_generic_company_approval_unblocks_venture_action_on_next_tick" time="0.171" /><testcase classname="tests.test_amaura_ventures_cashflow" name="test_cancelling_cashflow_action_cancels_linked_jarvis_mission" time="0.103" /><testcase classname="tests.test_amaura_ventures_cashflow" name="test_completed_jarvis_mission_closes_cashflow_action_with_evidence" time="0.109" /><testcase classname="tests.test_amaura_ventures_cashflow" name="test_evidence_vault_provider_label_cannot_mint_verified_revenue" time="0.033" /><testcase classname="tests.test_amaura_ventures_cashflow" name="test_failed_cashflow_action_retry_creates_fresh_mission" time="0.148" /><testcase classname="tests.test_amaura_ventures_cashflow" name="test_founder_manual_event_id_prevents_conflicting_duplicate" time="0.030" /><testcase classname="tests.test_amaura_ventures_cashflow" name="test_failed_provider_receipt_cannot_count_as_financial_truth" time="0.027" /><testcase classname="tests.test_amaura_ventures_cashflow" name="test_v53_database_migrates_financial_and_action_trust_columns" time="0.020" /><testcase classname="tests.test_antigravity_contract.TestExtractContractAccept" name="test_contract_as_last_json_line" time="0.000" /><testcase classname="tests.test_antigravity_contract.TestExtractContractAccept" name="test_contract_nested_in_result_key" time="0.000" /><testcase classname="tests.test_antigravity_contract.TestExtractContractAccept" name="test_contract_nested_in_structured_output" time="0.000" /><testcase classname="tests.test_antigravity_contract.TestExtractContractAccept" name="test_full_valid_contract_with_schema" time="0.000" /><testcase classname="tests.test_antigravity_contract.TestExtractContractAccept" name="test_schema_omission_compatibility_fallback" time="0.000" /><testcase classname="tests.test_antigravity_contract.TestExtractContractAccept" name="test_schema_omission_with_message_as_summary_fallback" time="0.000" /><testcase classname="tests.test_antigravity_contract.TestExtractContractAccept" name="test_schema_omission_with_result_as_summary_fallback" time="0.000" /><testcase classname="tests.test_antigravity_contract.TestExtractContractRejectByExtractor" name="test_arbitrary_json_no_contract_keys" time="0.000" /><testcase classname="tests.test_antigravity_contract.TestExtractContractRejectByExtractor" name="test_empty_json_object" time="0.000" /><testcase classname="tests.test_antigravity_contract.TestExtractContractRejectByExtractor" name="test_empty_string" time="0.000" /><testcase classname="tests.test_antigravity_contract.TestExtractContractRejectByExtractor" name="test_malformed_json_only" time="0.000" /><testcase classname="tests.test_antigravity_contract.TestExtractContractRejectByExtractor" name="test_missing_changed_files_and_no_schema" time="0.000" /><testcase classname="tests.test_antigravity_contract.TestExtractContractRejectByExtractor" name="test_missing_verification_commands_and_no_schema" time="0.000" /><testcase classname="tests.test_antigravity_contract.TestExtractContractRejectByExtractor" name="test_permission_bypass_keys_do_not_match" time="0.000" /><testcase classname="tests.test_antigravity_contract.TestExtractContractRejectByExtractor" name="test_success_false" time="0.000" /><testcase classname="tests.test_antigravity_contract.TestExtractContractRejectByExtractor" name="test_success_integer_one" time="0.000" /><testcase classname="tests.test_antigravity_contract.TestExtractContractRejectByExtractor" name="test_success_string_true" time="0.000" /><testcase classname="tests.test_antigravity_contract.TestExtractContractRejectByExtractor" name="test_summary_too_short_in_fallback" time="0.000" /><testcase classname="tests.test_antigravity_contract.TestExtractContractRejectByModelValidate" name="test_absolute_path_in_changed_files_rejected" time="0.000" /><testcase classname="tests.test_antigravity_contract.TestExtractContractRejectByModelValidate" name="test_changed_files_string_not_list_with_schema" time="0.000" /><testcase classname="tests.test_antigravity_contract.TestExtractContractRejectByModelValidate" name="test_empty_changed_files_with_schema_present" time="0.000" /><testcase classname="tests.test_antigravity_contract.TestExtractContractRejectByModelValidate" name="test_empty_verification_commands_with_schema_present" time="0.000" /><testcase classname="tests.test_antigravity_contract.TestExtractContractRejectByModelValidate" name="test_inline_python_c_rejected" time="0.000" /><testcase classname="tests.test_antigravity_contract.TestExtractContractRejectByModelValidate" name="test_missing_changed_files_with_schema_present" time="0.000" /><testcase classname="tests.test_antigravity_contract.TestExtractContractRejectByModelValidate" name="test_missing_verification_commands_with_schema_present" time="0.000" /><testcase classname="tests.test_antigravity_contract.TestExtractContractRejectByModelValidate" name="test_path_traversal_in_changed_files_rejected" time="0.000" /><testcase classname="tests.test_antigravity_contract.TestExtractContractRejectByModelValidate" name="test_remaining_failures_blocks_success" time="0.000" /><testcase classname="tests.test_antigravity_contract.TestExtractContractRejectByModelValidate" name="test_schema_omission_normalised_passes_model_validate" time="0.000" /><testcase classname="tests.test_antigravity_contract.TestExtractContractRejectByModelValidate" name="test_verification_commands_string_not_list_with_schema" time="0.000" /><testcase classname="tests.test_app_builder.TestAppBuilder" name="test_create_fullstack_app" time="0.001" /><testcase classname="tests.test_ast_indexer.TestASTIndexer" name="test_index_and_search" time="0.001" /><testcase classname="tests.test_browser.TestBrowser" name="test_navigate_and_extract" time="0.003" /><testcase classname="tests.test_browser.TestBrowser" name="test_session_management" time="0.000" /><testcase classname="tests.test_browser.TestBrowser" name="test_tabs_management" time="0.000" /><testcase classname="tests.test_browser.TestBrowser" name="test_upload_missing_file_error" time="0.000" /><testcase classname="tests.test_fable_engine.TestFableEngineIntegration" name="test_agent_does_not_mutate_process_working_directory" time="0.023" /><testcase classname="tests.test_fable_engine.TestFableEngineIntegration" name="test_agent_run_fable_reasoning" time="0.179" /><testcase classname="tests.test_fable_engine.TestFableEngineIntegration" name="test_ast_indexer" time="0.001" /><testcase classname="tests.test_fable_engine.TestFableEngineIntegration" name="test_config_loader" time="0.001" /><testcase classname="tests.test_fable_engine.TestFableEngineIntegration" name="test_fable_planner" time="0.000" /><testcase classname="tests.test_fable_engine.TestFableEngineIntegration" name="test_model_resolver_aliases" time="0.000" /><testcase classname="tests.test_fable_engine.TestFableEngineIntegration" name="test_router_generate_fallback" time="0.001" /><testcase classname="tests.test_fable_engine.TestFableEngineIntegration" name="test_router_providers" time="0.000" /><testcase classname="tests.test_fable_engine.TestFableEngineIntegration" name="test_self_healing_debugger" time="0.029" /><testcase classname="tests.test_fable_engine.TestFableEngineIntegration" name="test_workspace_executor" time="0.027" /><testcase classname="tests.test_fleet.TestFleet" name="test_briefing_and_watchdog" time="3.083" /><testcase classname="tests.test_fleet.TestFleet" name="test_daemon_manager" time="0.436" /><testcase classname="tests.test_macos_app_control" name="test_intent_engine_boundary" time="0.002" /><testcase classname="tests.test_macos_app_control" name="test_macos_app_adapter_validation" time="0.004" /><testcase classname="tests.test_macos_app_control" name="test_capability_runtime_registration" time="0.019" /><testcase classname="tests.test_macos_app_control" name="test_cognition_dict_response_regression" time="0.001" /><testcase classname="tests.test_macos_app_control" name="test_cognition_plan_only_isolation" time="0.001" /><testcase classname="tests.test_omniroute_integration" name="test_omniroute_is_in_providers_list" time="0.001" /><testcase classname="tests.test_omniroute_integration" name="test_omniroute_is_first_in_providers_list" time="0.001" /><testcase classname="tests.test_omniroute_integration" name="test_omniroute_first_in_default_order" time="0.001" /><testcase classname="tests.test_omniroute_integration" name="test_omniroute_selected_when_configured" time="0.000" /><testcase classname="tests.test_omniroute_integration" name="test_general_chat_uses_fast_model_override" time="0.000" /><testcase classname="tests.test_omniroute_integration" name="test_omniroute_available_when_configured" time="0.000" /><testcase classname="tests.test_omniroute_integration" name="test_interactive_budget_is_bounded" time="0.000" /><testcase classname="tests.test_omniroute_integration" name="test_empty_completion_uses_configured_fallback" time="0.529" /><testcase classname="tests.test_omniroute_integration" name="test_circuit_opens_and_skips_unhealthy_gateway" time="0.526" /><testcase classname="tests.test_omniroute_integration" name="test_omniroute_not_available_without_key" time="0.000" /><testcase classname="tests.test_omniroute_integration" name="test_omniroute_not_available_without_url" time="0.000" /><testcase classname="tests.test_omniroute_integration" name="test_omniroute_not_available_without_model" time="0.000" /><testcase classname="tests.test_omniroute_integration" name="test_omniroute_status_ready" time="0.001" /><testcase classname="tests.test_omniroute_integration" name="test_status_does_not_expose_api_key" time="0.000" /><testcase classname="tests.test_omniroute_integration" name="test_redact_secrets_removes_key" time="0.001" /><testcase classname="tests.test_omniroute_integration" name="test_redact_secrets_safe_with_empty_keys" time="0.000" /><testcase classname="tests.test_omniroute_integration" name="test_omniroute_raises_on_missing_config" time="0.000" /><testcase classname="tests.test_omniroute_integration" name="test_omniroute_rejects_non_http_base_url" time="0.000" /><testcase classname="tests.test_omniroute_integration" name="test_omniroute_successful_response" time="0.518" /><testcase classname="tests.test_omniroute_integration" name="test_omniroute_reuses_process_http_pool" time="0.528" /><testcase classname="tests.test_omniroute_integration" name="test_omniroute_stream_emits_incremental_tokens" time="0.531" /><testcase classname="tests.test_omniroute_integration" name="test_omniroute_api_key_never_in_error_messages" time="0.528" /><testcase classname="tests.test_omniroute_integration" name="test_cognitive_model_result_all_provenance_fields" time="0.000" /><testcase classname="tests.test_omniroute_integration" name="test_real_fallback_preserves_requested_and_resolved_model" time="0.518" /><testcase classname="tests.test_omniroute_integration" name="test_generate_raises_without_any_provider" time="0.002" /><testcase classname="tests.test_omniroute_integration" name="test_omniroute_readiness_probe_not_configured" time="0.001" /><testcase classname="tests.test_omniroute_integration" name="test_omniroute_readiness_probe_does_not_expose_key" time="0.003" /><testcase classname="tests.test_registry.TestRegistry" name="test_execute_tool" time="0.202" /><testcase classname="tests.test_registry.TestRegistry" name="test_registry_tool_counts" time="0.001" /><testcase classname="tests.test_router.TestRouter" name="test_resolve_model" time="0.001" /><testcase classname="tests.test_router.TestRouter" name="test_routing" time="0.001" /><testcase classname="tests.test_tdd_loop.TestTDDLoop" name="test_tdd_loop_passing" time="0.016" /><testcase classname="tests.test_vector_memory.TestVectorMemory" name="test_embeddings_and_cosine" time="0.003" /><testcase classname="tests.test_vector_memory.TestVectorMemory" name="test_importance_and_hybrid_scoring" time="0.003" /><testcase classname="tests.test_vector_memory.TestVectorMemory" name="test_prune_memories" time="0.003" /><testcase classname="tests.test_vector_memory.TestVectorMemory" name="test_remember_and_recall" time="0.004" /><testcase classname="tests.test_vector_memory.TestVectorMemory" name="test_search_project_memory" time="0.002" /><testcase classname="tests.test_vector_memory.TestVectorMemory" name="test_summarization_and_compression" time="0.002" /><testcase classname="tests.test_vision.TestVision" name="test_basic_vision" time="0.344" /><testcase classname="tests.test_vision.TestVision" name="test_desk_arrival_departure_tracking" time="0.000" /><testcase classname="tests.test_vision.TestVision" name="test_face_detection" time="0.000" /><testcase classname="tests.test_vision.TestVision" name="test_gesture_recognition" time="0.000" /><testcase classname="tests.test_vision.TestVision" name="test_hand_landmarks_21_points" time="0.000" /><testcase classname="tests.test_voice.TestStreamingVoice" name="test_speaker_clean_and_stream" time="0.001" /><testcase classname="tests.test_voice.TestStreamingVoice" name="test_tool_dispatches" time="0.175" /><testcase classname="tests.test_voice.TestStreamingVoice" name="test_voice_session_state_machine" time="1.117" /><testcase classname="tests.test_voice.TestStreamingVoice" name="test_wake_word_detection" time="0.002" /></testsuite></testsuites>