============================= test session starts ==============================
platform darwin -- Python 3.13.2, pytest-9.1.1, pluggy-1.6.0
rootdir: /Users/ashishsingh/Desktop/amaura_jarivs/Amaura-JARVIS-v5.4
configfile: pyproject.toml
plugins: langsmith-0.10.13, anyio-4.14.2, Faker-40.36.0
collected 453 items

tests/test_amaura_assets.py ..                                           [  0%]
tests/test_amaura_autopilot.py ..                                        [  0%]
tests/test_amaura_commands.py .                                          [  1%]
tests/test_amaura_company_api.py ...F                                    [  1%]
tests/test_amaura_company_system.py ..........                           [  4%]
tests/test_amaura_contract.py ..                                         [  4%]
tests/test_amaura_distribution.py .....