<?xml version="1.0" encoding="utf-8"?><testsuites name="pytest tests"><testsuite name="pytest" errors="0" failures="21" skipped="1" tests="453" time="121.655" timestamp="2026-08-12T23:33:55.962436+05:30" hostname="Akshats-Laptop-4.local"><testcase classname="tests.test_amaura_assets" name="test_campaign_schema_validation" time="0.039" /><testcase classname="tests.test_amaura_assets" name="test_asset_schema_validation" time="0.004" /><testcase classname="tests.test_amaura_autopilot" name="test_autopilot_creates_one_weekly_review_idempotently" time="0.040" /><testcase classname="tests.test_amaura_autopilot" name="test_autopilot_tick_combines_cadence_execution_and_briefing" time="0.050" /><testcase classname="tests.test_amaura_commands.TestAmauraCommands" name="test_command_handlers_match_contract" time="0.005" /><testcase classname="tests.test_amaura_company_api" name="test_company_api_bootstrap_signal_status_and_kill_switch" time="0.059" /><testcase classname="tests.test_amaura_company_api" name="test_company_api_founder_surfaces_reject_operator_key" time="0.001" /><testcase classname="tests.test_amaura_company_api" name="test_ventures_api_enforces_operator_and_founder_boundaries" time="0.042" /><testcase classname="tests.test_amaura_company_api" name="test_cashflow_api_dashboard_tick_and_founder_stream" time="32.440"><failure message="AssertionError: assert 'disabled' in {'degraded', 'online', 'standby', 'starting', 'stopped'}">company_api = (&lt;starlette.testclient.TestClient object at 0x10dc70d60&gt;, PosixPath('/private/var/folders/3t/t_zmxljd573839_bvb_mkc180000gn/T/pytest-of-ashishsingh/pytest-56/test_cashflow_api_dashboard_ti0'))

    def test_cashflow_api_dashboard_tick_and_founder_stream(company_api):
        client, repository = company_api
        bootstrap = client.post(
            "/api/amaura/company/bootstrap",
            headers={"X-Amaura-Approval-Key": "approval-secret"},
            json={"repository_path": str(repository)},
        )
        assert bootstrap.status_code == 200
        opportunity = client.post(
            "/api/amaura/ventures/opportunities",
            headers={"X-Amaura-Operator-Key": "operator-secret"},
            json={
                "title": "Cashflow template pack",
                "problem": "Students need focused revision assets",
                "target_user": "NEET students",
                "product_type": "template_pack",
                "source": "public research",
                "evidence": [
                    {"source": "https://one.example/thread", "claim": "Repeated errors are common", "excerpt": "Repeated errors are common"},
                    {"source": "https://two.example/reviews", "claim": "Students seek focused revision", "excerpt": "Students actively seek focused revision support"},
                ],
                "score_components": {},
                "estimated_build_days": 4,
                "monetization": "One-time download",
                "distribution_channel": "Organic content",
                "strategic_fit": "Low founder attention",
            },
        )
        assert opportunity.status_code == 200, opportunity.text
        opp_id = opportunity.json()["id"]
        denied = client.post(
            "/api/amaura/ventures/cashflow/founder/streams",
            headers={"X-Amaura-Operator-Key": "operator-secret"},
            json={
                "opportunity_id": opp_id, "name": "Revision Pack", "lane": "template_pack",
                "platform": "owned storefront", "offer": "Original revision templates", "target_user": "NEET students",
                "distribution_channel": "organic content", "price_cents": 19900,
            },
        )
        assert denied.status_code == 403
        created = client.post(
            "/api/amaura/ventures/cashflow/founder/streams",
            headers={"X-Amaura-Approval-Key": "approval-secret"},
            json={
                "opportunity_id": opp_id, "name": "Revision Pack", "lane": "template_pack",
                "platform": "owned storefront", "offer": "Original revision templates", "target_user": "NEET students",
                "distribution_channel": "organic content", "price_cents": 19900,
            },
        )
        assert created.status_code == 200, created.text
        stream_id = created.json()["id"]
        tick = client.post("/api/amaura/ventures/cashflow/tick", headers={"X-Amaura-Operator-Key": "operator-secret"}, json={})
        assert tick.status_code == 200, tick.text
        assert tick.json()["proposals_created"]
        insecure = client.post(
            "/api/amaura/ventures/cashflow/financial-events",
            headers={"X-Amaura-Operator-Key": "operator-secret"},
            json={"stream_id": stream_id, "event_type": "revenue", "amount_cents": 19900, "source": "receipt", "evidence": [{"receipt": "sale-1"}]},
        )
        assert insecure.status_code == 400
        revenue = client.post(
            "/api/amaura/ventures/cashflow/founder/financial-events",
            headers={"X-Amaura-Approval-Key": "approval-secret"},
            json={
                "stream_id": stream_id,
                "event_type": "revenue",
                "amount_cents": 19900,
                "source": "founder_manual",
                "evidence": [{"founder_attestation": True, "manual_event_id": "manual-api-sale-1", "note": "Manual sale entry"}],
            },
        )
        assert revenue.status_code == 200, revenue.text
        assert revenue.json()["event"]["trust_level"] == "founder_manual"
        dashboard = client.get("/api/amaura/ventures/cashflow", headers={"X-Amaura-Operator-Key": "operator-secret"})
        assert dashboard.status_code == 200
        assert dashboard.json()["portfolio"]["totals_by_currency"]["INR"]["net_cashflow_cents"] == 19900
        runtime = client.get("/api/amaura/runtime/status", headers={"X-Amaura-Operator-Key": "operator-secret"})
        assert runtime.status_code == 200, runtime.text
&gt;       assert runtime.json()["company_autopilot_state"] in {"stopped", "starting", "online", "standby", "degraded"}
E       AssertionError: assert 'disabled' in {'degraded', 'online', 'standby', 'starting', 'stopped'}

/Users/ashishsingh/Desktop/amaura_jarivs/Amaura-JARVIS-v5.4/tests/test_amaura_company_api.py:242: AssertionError</failure></testcase><testcase classname="tests.test_amaura_company_system" name="test_complete_company_registry_and_workflow_catalogue" time="0.001" /><testcase classname="tests.test_amaura_company_system" name="test_tool_schemas_are_unique_and_match_employee_contracts" time="0.000" /><testcase classname="tests.test_amaura_company_system" name="test_company_blueprint_is_actionable_and_mac_aware" time="0.000" /><testcase classname="tests.test_amaura_company_system" name="test_free_first_router_prefers_builtin_and_can_select_nvidia" time="0.001" /><testcase classname="tests.test_amaura_company_system" name="test_subscription_resources_are_never_silently_selected" time="0.001" /><testcase classname="tests.test_amaura_company_system" name="test_founder_handoffs_are_content_addressed_and_do_not_execute" time="0.002" /><testcase classname="tests.test_amaura_company_system" name="test_flow_handoff_requires_scene_prompts_and_stays_private" time="0.001" /><testcase classname="tests.test_amaura_company_system" name="test_new_company_workflows_instantiate_in_durable_control_plane" time="0.026" /><testcase classname="tests.test_amaura_company_system" name="test_legacy_fable_executor_rejects_workspace_escape_and_shell_chaining" time="0.001" /><testcase classname="tests.test_amaura_company_system" name="test_legacy_fable_dashboard_is_disabled_by_default" time="0.000" /><testcase classname="tests.test_amaura_contract.TestAmauraReleaseContract" name="test_every_employee_tool_is_executable_and_declared" time="0.000" /><testcase classname="tests.test_amaura_contract.TestAmauraReleaseContract" name="test_release_automation_covers_python_311_and_312" time="0.002" /><testcase classname="tests.test_amaura_distribution" name="test_publication_is_hash_bound_and_founder_approved" time="0.036" /><testcase classname="tests.test_amaura_distribution" name="test_publication_confirmation_requires_exact_signed_receipt" time="0.067" /><testcase classname="tests.test_amaura_distribution" name="test_public_adapter_requires_provider_echoes" time="0.001" /><testcase classname="tests.test_amaura_distribution" name="test_ambiguous_publish_is_quarantined" time="0.041" /><testcase classname="tests.test_amaura_distribution" name="test_metrics_create_evidence_backed_learning" time="0.043" /><testcase classname="tests.test_amaura_distribution" name="test_autopilot_enqueues_approved_due_publication" time="25.414" /><testcase classname="tests.test_amaura_distribution" name="test_concurrent_autopilots_enqueue_one_publication" time="0.031" /><testcase classname="tests.test_amaura_e2e" name="test_end_to_end_campaign_and_assets" time="0.028" /><testcase classname="tests.test_amaura_full_company_autonomy" name="test_full_company_bootstrap_is_idempotent" time="0.030" /><testcase classname="tests.test_amaura_full_company_autonomy" name="test_every_autonomy_workflow_exists_and_has_independent_reviewers" time="0.000" /><testcase classname="tests.test_amaura_full_company_autonomy" name="test_signal_ingestion_is_idempotent_and_creates_one_programme" time="0.033" /><testcase classname="tests.test_amaura_full_company_autonomy" name="test_signal_claim_is_exactly_once_across_connections" time="0.038" /><testcase classname="tests.test_amaura_full_company_autonomy" name="test_signal_budget_cap_prevents_runaway_work" time="0.038" /><testcase classname="tests.test_amaura_full_company_autonomy" name="test_paused_department_blocks_objective_and_signal_planning" time="0.048" /><testcase classname="tests.test_amaura_full_company_autonomy" name="test_failure_circuit_breaker_pauses_department" time="0.031" /><testcase classname="tests.test_amaura_full_company_autonomy" name="test_autopilot_records_run_and_processes_signal" time="0.053" /><testcase classname="tests.test_amaura_full_company_autonomy" name="test_invalid_signal_and_non_founder_department_change_are_rejected" time="0.026" /><testcase classname="tests.test_amaura_full_company_autonomy" name="test_autonomy_run_results_are_bounded" time="0.030" /><testcase classname="tests.test_amaura_full_company_autonomy" name="test_self_observation_detects_alert_failed_task_and_weak_content" time="0.044" /><testcase classname="tests.test_amaura_full_company_autonomy" name="test_self_observation_detects_monthly_cost_pressure" time="0.023" /><testcase classname="tests.test_amaura_full_company_autonomy" name="test_autopilot_creates_verified_daily_backup_once" time="0.030" /><testcase classname="tests.test_amaura_full_company_autonomy" name="test_autopilot_backup_can_be_disabled" time="0.025" /><testcase classname="tests.test_amaura_growth.TestAmauraGrowthSystem" name="test_concurrent_daily_discovery_cap_is_atomic" time="0.029" /><testcase classname="tests.test_amaura_growth.TestAmauraGrowthSystem" name="test_concurrent_domain_deduplication_and_integrity" time="0.028"><failure message="AssertionError: False is not true">self = &lt;test_amaura_growth.TestAmauraGrowthSystem testMethod=test_concurrent_domain_deduplication_and_integrity&gt;

    def test_concurrent_domain_deduplication_and_integrity(self):
        def discover(_: int):
            return self.pipeline.discover_lead(
                campaign_id="agency14", company_name="Concurrent Agency", domain="www.concurrent.example.com",
                source_url="https://concurrent.example.com/services",
            )["id"]
    
        with ThreadPoolExecutor(max_workers=16) as pool:
            ids = list(pool.map(discover, range(80)))
        self.assertEqual(len(set(ids)), 1)
        self.assertEqual(len(self.control.store.list_leads()), 1)
&gt;       self.assertTrue(self.control.store.integrity_check()["ok"])
E       AssertionError: False is not true

tests/test_amaura_growth.py:251: AssertionError</failure></testcase><testcase classname="tests.test_amaura_growth.TestAmauraGrowthSystem" name="test_content_factory_requires_hashes_licences_and_complete_qa_set" time="0.026" /><testcase classname="tests.test_amaura_growth.TestAmauraGrowthSystem" name="test_evidence_is_scanned_and_scoring_is_deterministic" time="0.022" /><testcase classname="tests.test_amaura_growth.TestAmauraGrowthSystem" name="test_founder_prompts_and_expanded_workforce_are_packaged" time="0.025" /><testcase classname="tests.test_amaura_growth.TestAmauraGrowthSystem" name="test_n8n_and_imessage_receipts_confirm_matching_channels" time="0.026" /><testcase classname="tests.test_amaura_growth.TestAmauraGrowthSystem" name="test_new_workflows_build_complete_dependency_graphs" time="0.026" /><testcase classname="tests.test_amaura_growth.TestAmauraGrowthSystem" name="test_opt_out_and_kill_switch_are_immediate" time="0.027" /><testcase classname="tests.test_amaura_growth.TestAmauraGrowthSystem" name="test_outbound_requires_evidence_score_founder_and_provider_confirmation" time="0.030" /><testcase classname="tests.test_amaura_jarvis_v4" name="test_goal_compiler_creates_dynamic_software_dag" time="0.089" /><testcase classname="tests.test_amaura_jarvis_v4" name="test_goal_compiler_recognises_new_game_as_software" time="0.000" /><testcase classname="tests.test_amaura_jarvis_v4" name="test_new_software_project_gets_isolated_managed_workspace" time="0.112" /><testcase classname="tests.test_amaura_jarvis_v4" name="test_jarvis_memory_and_plan_only_goal_are_durable" time="0.085" /><testcase classname="tests.test_amaura_jarvis_v4" name="test_antigravity_backend_is_handoff_not_fake_execution" time="0.106" /><testcase classname="tests.test_amaura_jarvis_v4" name="test_noryx_bridge_is_fail_closed_and_secret_minimizing" time="1.182" /><testcase classname="tests.test_amaura_jarvis_v4" name="test_legacy_nexus_receipt_identity_is_preserved" time="0.250" /><testcase classname="tests.test_amaura_jarvis_v41" name="test_intent_engine_routes_questions_and_explicit_work" time="0.001" /><testcase classname="tests.test_amaura_jarvis_v41" name="test_lightning_path_skips_heavy_context_and_consolidates_after_response" time="0.026" /><testcase classname="tests.test_amaura_jarvis_v41" name="test_lightning_path_retains_short_session_history" time="0.023" /><testcase classname="tests.test_amaura_jarvis_v41" name="test_status_reuses_one_world_snapshot" time="0.050" /><testcase classname="tests.test_amaura_jarvis_v41" name="test_executive_kernel_is_one_front_door_and_fail_closed_without_operator" time="0.080" /><testcase classname="tests.test_amaura_jarvis_v41" name="test_executive_kernel_materializes_authorized_mission" time="0.081" /><testcase classname="tests.test_amaura_jarvis_v41" name="test_unified_memory_and_world_model_share_authoritative_company_state" time="0.051" /><testcase classname="tests.test_amaura_jarvis_v41" name="test_replanning_mutates_dag_and_preserves_failed_history" time="0.096" /><testcase classname="tests.test_amaura_jarvis_v41" name="test_noryx_rejects_exit_zero_without_engineering_evidence" time="0.688" /><testcase classname="tests.test_amaura_jarvis_v41" name="test_noryx_verifies_git_delta_tests_and_secret_isolation" time="0.765" /><testcase classname="tests.test_amaura_jarvis_v41" name="test_voice_push_to_talk_calls_real_command_handler_not_canned_text" time="0.000" /><testcase classname="tests.test_amaura_jarvis_v41" name="test_proactive_cognition_is_persisted" time="0.019" /><testcase classname="tests.test_amaura_jarvis_v41" name="test_unified_memory_clear_scope_preserves_other_scope" time="0.021" /><testcase classname="tests.test_amaura_jarvis_v41" name="test_private_intelligence_benchmark_harness_runs_cognitive_pack" time="0.178" /><testcase classname="tests.test_amaura_jarvis_v5" name="test_plan_only_is_draft_and_not_runnable" time="0.052" /><testcase classname="tests.test_amaura_jarvis_v5" name="test_antigravity_handoff_is_hard_held_and_cannot_activate" time="0.097" /><testcase classname="tests.test_amaura_jarvis_v5" name="test_executable_submission_is_persisted_for_background_runner" time="0.053" /><testcase classname="tests.test_amaura_jarvis_v5" name="test_noryx_independent_verifier_rejects_false_test_claim" time="0.941" /><testcase classname="tests.test_amaura_jarvis_v5" name="test_noryx_independent_verifier_records_real_pass_and_model_provenance" time="0.767" /><testcase classname="tests.test_amaura_jarvis_v5" name="test_cognitive_model_gateway_provider_detection_matches_execution_route" time="0.001"><failure message="AssertionError: assert 'omniroute' == 'openrouter'&#10;  &#10;  - openrouter&#10;  + omniroute">monkeypatch = &lt;_pytest.monkeypatch.MonkeyPatch object at 0x112f4ed60&gt;

    def test_cognitive_model_gateway_provider_detection_matches_execution_route(monkeypatch: pytest.MonkeyPatch):
        for key in ("NVIDIA_API_KEY", "GROQ_API_KEY", "OPENAI_API_KEY", "ANTHROPIC_API_KEY"):
            monkeypatch.delenv(key, raising=False)
        monkeypatch.setenv("OPENROUTER_API_KEY", "fixture-key")
        monkeypatch.setenv("AMAURA_OPENROUTER_MODEL", "openai/gpt-fixture")
        monkeypatch.setenv("AMAURA_JARVIS_PROVIDER", "openrouter")
        selected = CognitiveModelGateway.select(purpose="planner")
&gt;       assert selected.provider == "openrouter"
E       AssertionError: assert 'omniroute' == 'openrouter'
E         
E         - openrouter
E         + omniroute

tests/test_amaura_jarvis_v5.py:117: AssertionError</failure></testcase><testcase classname="tests.test_amaura_jarvis_v5" name="test_memory_builds_provenance_graph_and_preserves_superseded_history" time="0.021" /><testcase classname="tests.test_amaura_jarvis_v5" name="test_reference_resolver_and_chat_mission_control_pause_resume_cancel" time="0.145" /><testcase classname="tests.test_amaura_jarvis_v5" name="test_dynamic_goal_rolls_up_all_hierarchy_levels" time="0.051" /><testcase classname="tests.test_amaura_jarvis_v5" name="test_review_model_provenance_accepts_external_executor_receipt" time="0.020" /><testcase classname="tests.test_amaura_jarvis_v51" name="test_antigravity_cli_structured_sandboxed_delivery_and_independent_verification" time="1.044" /><testcase classname="tests.test_amaura_jarvis_v51" name="test_antigravity_requires_modern_structured_cli" time="0.516" /><testcase classname="tests.test_amaura_jarvis_v51" name="test_antigravity_verifier_rejects_inline_python_and_path_alias" time="0.001" /><testcase classname="tests.test_amaura_jarvis_v51" name="test_antigravity_is_runnable_backend_not_handoff_by_default" time="0.100" /><testcase classname="tests.test_amaura_jarvis_v51" name="test_low_level_claim_refuses_stale_assigned_task_from_held_mission" time="0.050" /><testcase classname="tests.test_amaura_jarvis_v51" name="test_pause_freezes_awaiting_review_and_resume_restores_it" time="0.052" /><testcase classname="tests.test_amaura_jarvis_v51" name="test_generation_token_rejects_stale_running_worker" time="0.051" /><testcase classname="tests.test_amaura_jarvis_v51" name="test_ollama_executive_uses_company_local_model" time="0.000"><failure message="AssertionError: assert 'omniroute' == 'ollama'&#10;  &#10;  - ollama&#10;  + omniroute">monkeypatch = &lt;_pytest.monkeypatch.MonkeyPatch object at 0x1130673f0&gt;

    def test_ollama_executive_uses_company_local_model(monkeypatch: pytest.MonkeyPatch):
        for key in ("OPENROUTER_API_KEY", "OPENAI_API_KEY", "ANTHROPIC_API_KEY", "NVIDIA_API_KEY", "GROQ_API_KEY"):
            monkeypatch.delenv(key, raising=False)
        monkeypatch.setenv("AMAURA_JARVIS_PROVIDER", "ollama")
        monkeypatch.setenv("AMAURA_JARVIS_OLLAMA_PROBE", "0")
        monkeypatch.setenv("AMAURA_LOCAL_MODEL", "nova:3b")
        monkeypatch.delenv("AMAURA_JARVIS_MODEL", raising=False)
        monkeypatch.delenv("AMAURA_OLLAMA_MODEL", raising=False)
        selected = CognitiveModelGateway.select(purpose="planner")
        assert selected is not None
&gt;       assert selected.provider == "ollama"
E       AssertionError: assert 'omniroute' == 'ollama'
E         
E         - ollama
E         + omniroute

tests/test_amaura_jarvis_v51.py:181: AssertionError</failure></testcase><testcase classname="tests.test_amaura_jarvis_v51" name="test_mission_runner_backoff_records_configuration_wait" time="0.050" /><testcase classname="tests.test_amaura_jarvis_v51" name="test_manual_antigravity_handoff_remains_available" time="0.094" /><testcase classname="tests.test_amaura_jarvis_v51" name="test_antigravity_settings_reject_unsandboxed_and_global_file_or_web_allows" time="0.001" /><testcase classname="tests.test_amaura_jarvis_v51" name="test_default_executive_coding_backend_is_antigravity" time="0.000" /><testcase classname="tests.test_amaura_jarvis_v52" name="test_all_public_founder_coding_defaults_are_antigravity" time="0.001" /><testcase classname="tests.test_amaura_jarvis_v52" name="test_memory_mutation_requires_operator_authority" time="0.082" /><testcase classname="tests.test_amaura_jarvis_v52" name="test_finalize_commit_disables_repository_git_hooks" time="0.146" /><testcase classname="tests.test_amaura_jarvis_v52" name="test_antigravity_blocks_workspace_executable_customizations" time="1.050" /><testcase classname="tests.test_amaura_jarvis_v52" name="test_antigravity_blocks_project_scoped_unsandboxed_permission" time="0.269" /><testcase classname="tests.test_amaura_jarvis_v52" name="test_antigravity_pause_terminates_running_process_tree" time="0.577" /><testcase classname="tests.test_amaura_jarvis_v52" name="test_antigravity_exposes_only_linked_worktree_git_metadata" time="0.717" /><testcase classname="tests.test_amaura_jarvis_v52" name="test_antigravity_changed_files_preserves_first_porcelain_filename" time="0.066" /><testcase classname="tests.test_amaura_jarvis_v52" name="test_independent_verifier_uses_headless_sdl_environment" time="0.001" /><testcase classname="tests.test_amaura_jarvis_v52" name="test_independent_verifier_can_fallback_after_macos_sandbox_abort" time="0.039" /><testcase classname="tests.test_amaura_jarvis_v52" name="test_space_path_repository_uses_isolated_clone_and_imports_verified_commit" time="0.328" /><testcase classname="tests.test_amaura_jarvis_v52" name="test_desktop_primary_backend_is_antigravity" time="0.002" /><testcase classname="tests.test_amaura_jarvis_v52" name="test_autonomous_git_rejects_executable_local_filters" time="0.075" /><testcase classname="tests.test_amaura_launch_hardening.TestRuntimeConfiguration" name="test_omniroute_setup_writes_canonical_env_file" time="0.002" /><testcase classname="tests.test_amaura_launch_hardening.TestRuntimeConfiguration" name="test_env_loader_does_not_execute_shell_syntax" time="0.001" /><testcase classname="tests.test_amaura_launch_hardening.TestRuntimeConfiguration" name="test_env_loader_rejects_public_secret_file" time="0.001" /><testcase classname="tests.test_amaura_launch_hardening.TestCriterionEvidenceContract" name="test_strict_review_requires_every_criterion_and_real_reference" time="0.002" /><testcase classname="tests.test_amaura_launch_hardening.TestOutboxLeases" name="test_wrong_worker_cannot_complete_claimed_event" time="0.013" /><testcase classname="tests.test_amaura_launch_hardening.TestOutboxLeases" name="test_expired_email_lease_requires_reconciliation" time="0.012" /><testcase classname="tests.test_amaura_launch_hardening.TestOutboxLeases" name="test_ambiguous_email_dispatch_is_not_replayed" time="0.021" /><testcase classname="tests.test_amaura_launch_hardening.TestOutboxFounderReconciliation" name="test_signed_exact_receipt_completes_quarantined_email" time="0.022" /><testcase classname="tests.test_amaura_launch_hardening.TestOutboxFounderReconciliation" name="test_receipt_for_different_payload_is_rejected" time="0.021" /><testcase classname="tests.test_amaura_launch_hardening.TestOutboxFounderReconciliation" name="test_founder_can_fail_or_requeue_without_silent_state_drift[failed-failed-failed]" time="0.021" /><testcase classname="tests.test_amaura_launch_hardening.TestOutboxFounderReconciliation" name="test_founder_can_fail_or_requeue_without_silent_state_drift[requeue-pending-sending]" time="0.022" /><testcase classname="tests.test_amaura_launch_hardening.TestGitDeliverySafety" name="test_reviewed_commit_merges_and_validates" time="2.283" /><testcase classname="tests.test_amaura_launch_hardening.TestGitDeliverySafety" name="test_target_advance_invalidates_approval" time="0.254" /><testcase classname="tests.test_amaura_launch_hardening.TestGitDeliverySafety" name="test_failed_validation_rolls_back_merge" time="1.491" /><testcase classname="tests.test_amaura_launch_hardening.TestHealthBuildIdProtection" name="test_health_endpoint_includes_build_id_and_pid" time="0.003" /><testcase classname="tests.test_amaura_launch_hardening.TestHealthBuildIdProtection" name="test_stale_backend_build_id_mismatch_rejected" time="0.000" /><testcase classname="tests.test_amaura_macos_service" name="test_launch_agent_payload_contains_no_credentials" time="0.001" /><testcase classname="tests.test_amaura_macos_service" name="test_write_launch_agent_is_valid_private_plist" time="0.001" /><testcase classname="tests.test_amaura_mission_control" name="test_objective_planning_is_persistent_and_idempotent" time="0.030" /><testcase classname="tests.test_amaura_mission_control" name="test_active_programme_cap_prevents_runaway_work" time="0.022" /><testcase classname="tests.test_amaura_mission_control" name="test_progress_requires_evidence_and_completes_target" time="0.020" /><testcase classname="tests.test_amaura_mission_control" name="test_objective_budget_cannot_underfund_workflow" time="0.020" /><testcase classname="tests.test_amaura_mission_control" name="test_distribution_bootstrap_is_idempotent" time="0.022" /><testcase classname="tests.test_amaura_mission_control" name="test_autopilot_kill_switch_stops_planning_and_execution" time="0.027" /><testcase classname="tests.test_amaura_mission_control" name="test_autopilot_plans_objective_and_respects_work_unit_limit" time="0.028" /><testcase classname="tests.test_amaura_mission_control" name="test_cadence_claim_is_cross_connection_idempotent" time="0.029" /><testcase classname="tests.test_amaura_mission_control" name="test_daily_autopilot_budget_is_durable" time="0.023" /><testcase classname="tests.test_amaura_mission_control" name="test_completed_programme_is_credited_once_with_evidence" time="0.023" /><testcase classname="tests.test_amaura_mission_control" name="test_autonomous_mission_runs_to_founder_boundary_then_credits_after_approval" time="0.032"><failure message="AssertionError: assert 'review_deferred' == 'idle'&#10;  &#10;  - idle&#10;  + review_deferred">monkeypatch = &lt;_pytest.monkeypatch.MonkeyPatch object at 0x10d8fa2e0&gt;

    def test_autonomous_mission_runs_to_founder_boundary_then_credits_after_approval(monkeypatch):
        from jarvis.amaura.evidence import deterministic_evidence_review
        from jarvis.amaura.supervisor import AmauraSupervisor
    
        class SuccessfulRunner:
            def __init__(self, control):
                self.control = control
    
            def run(self, task_id):
                task = self.control.store.get_work_item(task_id)
                submitted = self.control.submit_task(
                    task_id,
                    actor=task["owner_id"],
                    summary="Completed with bounded test evidence.",
                    evidence=[{
                        "type": "test_report",
                        "reference": f"artifact://{task_id}/report",
                        "success": True,
                    }],
                )
                return {"status": submitted["state"], "task_id": task_id}
    
        class SafeReviewer:
            def __init__(self, control):
                self.control = control
    
            def run(self, task_id):
                task = self.control.store.get_work_item(task_id)
                if task["reviewer_id"] == "founder":
                    raise GovernanceError("Founder approval cannot be automated")
                deterministic = deterministic_evidence_review(task, self.control.evidence)
                updated = self.control.review_task(
                    task_id,
                    actor=task["reviewer_id"],
                    approve=True,
                    findings="Submitted evidence supports the bounded internal result.",
                    attestation={
                        "signature": "test",
                        "decision": {"approve": True, "criteria": []},
                        "deterministic_review": deterministic,
                        "task_id": task_id,
                        "reviewer_id": task["reviewer_id"],
                    },
                )
                return {"task_id": task_id, "state": updated["state"]}
    
        with TemporaryDirectory() as temp:
            control = _control(monkeypatch, temp)
            monkeypatch.setattr(
                "jarvis.amaura.evidence.verify_review_attestation", lambda attestation: True
            )
            try:
                mission = MissionControl(control)
                objective = mission.create_objective(
                    title="Validate one product direction",
                    objective="Validate opportunity for {date}",
                    success_metric="Founder records one build or kill decision",
                    workflow_key="product_discovery",
                    cadence="daily",
                    inputs={"problem_space": "Affordable AI", "target_user": "Developers"},
                    target_value=1,
                    unit="decisions",
                    priority=1,
                )
                runtime = AutonomousCompanyRuntime(control)
                runtime.ensure_operating_cadence = lambda now=None: []
                runtime.supervisor = AmauraSupervisor(
                    control,
                    runner_factory=SuccessfulRunner,
                    reviewer_factory=SafeReviewer,
                    automatic_reviews=True,
                )
                result = runtime.tick(
                    now=datetime(2026, 8, 5, tzinfo=UTC),
                    max_work_units=20,
                    max_new_programmes=1,
                )
&gt;               assert result["execution"]["status"] == "idle"
E               AssertionError: assert 'review_deferred' == 'idle'
E                 
E                 - idle
E                 + review_deferred

tests/test_amaura_mission_control.py:361: AssertionError</failure></testcase><testcase classname="tests.test_amaura_os.TestAmauraCompanyOS" name="test_bootstrap_registers_v1_workforce_under_jarvis" time="0.026" /><testcase classname="tests.test_amaura_os.TestAmauraCompanyOS" name="test_company_intent_exposes_control_plane_tools_to_model" time="0.032" /><testcase classname="tests.test_amaura_os.TestAmauraCompanyOS" name="test_governed_employee_cannot_escape_workspace_or_use_shell_operators" time="0.031" /><testcase classname="tests.test_amaura_os.TestAmauraCompanyOS" name="test_governed_runner_dispatches_specialist_then_stops_for_review" time="0.062"><failure message="AssertionError: 1 != 0">self = &lt;test_amaura_os.TestAmauraCompanyOS testMethod=test_governed_runner_dispatches_specialist_then_stops_for_review&gt;

    def test_governed_runner_dispatches_specialist_then_stops_for_review(self):
        result = self.control.create_program(
            objective="Define a bounded product feature",
            success_metric="Requirements contain measurable acceptance criteria",
            workflow_key="software_delivery",
        )
        task = result["tasks"][0]
    
        fake_response_1 = SimpleNamespace(
            choices=[SimpleNamespace(message=SimpleNamespace(
                content="Checking project structure.",
                tool_calls=[SimpleNamespace(
                    id="call_123",
                    function=SimpleNamespace(name="get_project_structure", arguments='{"path": "."}')
                )],
            ))]
        )
        fake_response_2 = SimpleNamespace(
            choices=[SimpleNamespace(message=SimpleNamespace(
                content="Requirements, explicit exclusions, and measurable criteria are complete.",
                tool_calls=[],
            ))]
        )
    
        class FakeClient:
            def __init__(self):
                self.calls = 0
            def chat_sync(self, **kwargs):
                self.calls += 1
                return fake_response_1 if self.calls == 1 else fake_response_2
    
        execution = GovernedTaskRunner(
            self.control,
            client_factory=lambda route, employee: FakeClient(),
        ).run(task["id"])
    
        self.assertEqual(execution["employee"], "Product Manager")
        self.assertEqual(execution["status"], TaskState.AWAITING_REVIEW.value)
        stored = self.control.store.get_work_item(task["id"])
&gt;       self.assertEqual(stored["spent_cents"], 0)
E       AssertionError: 1 != 0

tests/test_amaura_os.py:278: AssertionError</failure></testcase><testcase classname="tests.test_amaura_os.TestAmauraCompanyOS" name="test_jarvis_can_stop_but_only_founder_can_restore_employee" time="0.027" /><testcase classname="tests.test_amaura_os.TestAmauraCompanyOS" name="test_jarvis_creates_full_hierarchy_with_dependency_order" time="0.034" /><testcase classname="tests.test_amaura_os.TestAmauraCompanyOS" name="test_medium_and_high_risk_work_requires_founder_approval" time="0.046"><failure message="jarvis.amaura.models.GovernanceError: Review attestation does not prove every acceptance criterion: Reviewer covered 0 of 3 acceptance criteria; Acceptance criteria missing reviewer coverage: [1, 2, 3]">self = &lt;test_amaura_os.TestAmauraCompanyOS testMethod=test_medium_and_high_risk_work_requires_founder_approval&gt;

    def test_medium_and_high_risk_work_requires_founder_approval(self):
        result = self.control.create_program(
            objective="Publish a verified product update",
            success_metric="One approved campaign with every claim linked to evidence",
            workflow_key="content_campaign",
        )
        evidence_task, content_task, publication_task = result["tasks"]
&gt;       self._complete_low_risk_task(evidence_task)

tests/test_amaura_os.py:155: 
_ _ _ _ _ _ _ _ _ _ _ _ _ _ _ _ _ _ _ _ _ _ _ _ _ _ _ _ _ _ _ _ _ _ _ _ _ _ _ _ 
tests/test_amaura_os.py:39: in _complete_low_risk_task
    return self.control.review_task(
_ _ _ _ _ _ _ _ _ _ _ _ _ _ _ _ _ _ _ _ _ _ _ _ _ _ _ _ _ _ _ _ _ _ _ _ _ _ _ _ 

self = &lt;jarvis.amaura.control_plane.AmauraControlPlane object at 0x1130e6170&gt;
task_id = 'task_1b7db20cc998', actor = 'jarvis', approve = True
findings = 'Evidence independently verified.'
attestation = {'signature': 'mock', 'decision': {'approve': True, 'criteria': []}, 'deterministic_review': {'approve': False, 'findi...nt-addressed evidence vault'], 'verified_evidence': [], 'criteria_count': 3, ...}, 'task_id': 'task_1b7db20cc998', ...}

    def review_task(self, task_id: str, actor: str, approve: bool, findings: str, attestation: dict[str, Any] | None = None) -&gt; dict[str, Any]:
        task = self._task(task_id)
        if actor != task["reviewer_id"]:
            self.store.audit(actor, "review", "task", task_id, "denied", {"expected": task["reviewer_id"]})
            raise GovernanceError(f"Independent review must be performed by '{task['reviewer_id']}'")
        if actor == task["owner_id"]:
            raise GovernanceError("No agent may certify its own work")
        if actor != self.founder_id:
            from jarvis.amaura.evidence import (
                deterministic_evidence_review,
                strict_review_enabled,
                validate_criterion_review,
                verify_review_attestation,
            )
            if not attestation:
                raise GovernanceError("Review attestation is required for non-founder reviewers")
            if not verify_review_attestation(attestation):
                raise GovernanceError("Invalid review attestation signature")
            if attestation.get("reviewer_id") != actor or attestation.get("task_id") != task_id:
                raise GovernanceError("Attestation does not match task and reviewer")
            attestation_decision = self._attestation_approves(attestation)
            if attestation_decision != approve:
                raise GovernanceError("Attestation decision does not match review approval")
            if strict_review_enabled(task):
                current_deterministic = deterministic_evidence_review(task, self.evidence)
                signed_deterministic = attestation.get("deterministic_review")
                if not isinstance(signed_deterministic, dict):
                    raise GovernanceError("Review attestation is missing deterministic evidence verification")
                if signed_deterministic.get("submission_sha256") != current_deterministic["submission_sha256"]:
                    raise GovernanceError("Review attestation was signed for a different task submission")
                if bool(signed_deterministic.get("approve")) != bool(current_deterministic["approve"]):
                    raise GovernanceError("Review attestation deterministic result is stale or inconsistent")
                criterion_review = validate_criterion_review(
                    task,
                    dict(attestation.get("decision") or {}),
                    self.evidence,
                )
                if approve and not criterion_review["ok"]:
&gt;                   raise GovernanceError(
                        "Review attestation does not prove every acceptance criterion: "
                        + "; ".join(criterion_review["findings"])
                    )
E                   jarvis.amaura.models.GovernanceError: Review attestation does not prove every acceptance criterion: Reviewer covered 0 of 3 acceptance criteria; Acceptance criteria missing reviewer coverage: [1, 2, 3]

jarvis/amaura/control_plane.py:355: GovernanceError</failure></testcase><testcase classname="tests.test_amaura_os.TestAmauraCompanyOS" name="test_model_cannot_directly_decide_founder_approvals" time="0.079" /><testcase classname="tests.test_amaura_os.TestAmauraCompanyOS" name="test_no_employee_can_certify_own_work" time="0.037"><failure message="jarvis.amaura.models.GovernanceError: Review attestation does not prove every acceptance criterion: Reviewer covered 0 of 3 acceptance criteria; Acceptance criteria missing reviewer coverage: [1, 2, 3]">self = &lt;test_amaura_os.TestAmauraCompanyOS testMethod=test_no_employee_can_certify_own_work&gt;

    def test_no_employee_can_certify_own_work(self):
        result = self.control.create_program(
            objective="Deliver a verified feature", success_metric="All acceptance tests pass",
            workflow_key="software_delivery",
        )
        first = result["tasks"][0]
        self.control.start_task(first["id"])
        self.control.submit_task(
            first["id"], first["owner_id"], "Requirements and tests are defined.",
            [{"type": "requirements", "reference": "artifact://requirements/1"}],
        )
        with self.assertRaisesRegex(GovernanceError, "Independent review"):
            self.control.review_task(first["id"], first["owner_id"], True, "Looks good to me")
&gt;       approved = self.control.review_task(
            first["id"], first["reviewer_id"], True, "Criteria are measurable and scope is bounded.",
            attestation=self._attestation(first["id"], first["reviewer_id"]),
        )

tests/test_amaura_os.py:142: 
_ _ _ _ _ _ _ _ _ _ _ _ _ _ _ _ _ _ _ _ _ _ _ _ _ _ _ _ _ _ _ _ _ _ _ _ _ _ _ _ 

self = &lt;jarvis.amaura.control_plane.AmauraControlPlane object at 0x1131fc370&gt;
task_id = 'task_3f316091aaed', actor = 'technical_architect', approve = True
findings = 'Criteria are measurable and scope is bounded.'
attestation = {'signature': 'mock', 'decision': {'approve': True, 'criteria': []}, 'deterministic_review': {'approve': False, 'findi...nt-addressed evidence vault'], 'verified_evidence': [], 'criteria_count': 3, ...}, 'task_id': 'task_3f316091aaed', ...}

    def review_task(self, task_id: str, actor: str, approve: bool, findings: str, attestation: dict[str, Any] | None = None) -&gt; dict[str, Any]:
        task = self._task(task_id)
        if actor != task["reviewer_id"]:
            self.store.audit(actor, "review", "task", task_id, "denied", {"expected": task["reviewer_id"]})
            raise GovernanceError(f"Independent review must be performed by '{task['reviewer_id']}'")
        if actor == task["owner_id"]:
            raise GovernanceError("No agent may certify its own work")
        if actor != self.founder_id:
            from jarvis.amaura.evidence import (
                deterministic_evidence_review,
                strict_review_enabled,
                validate_criterion_review,
                verify_review_attestation,
            )
            if not attestation:
                raise GovernanceError("Review attestation is required for non-founder reviewers")
            if not verify_review_attestation(attestation):
                raise GovernanceError("Invalid review attestation signature")
            if attestation.get("reviewer_id") != actor or attestation.get("task_id") != task_id:
                raise GovernanceError("Attestation does not match task and reviewer")
            attestation_decision = self._attestation_approves(attestation)
            if attestation_decision != approve:
                raise GovernanceError("Attestation decision does not match review approval")
            if strict_review_enabled(task):
                current_deterministic = deterministic_evidence_review(task, self.evidence)
                signed_deterministic = attestation.get("deterministic_review")
                if not isinstance(signed_deterministic, dict):
                    raise GovernanceError("Review attestation is missing deterministic evidence verification")
                if signed_deterministic.get("submission_sha256") != current_deterministic["submission_sha256"]:
                    raise GovernanceError("Review attestation was signed for a different task submission")
                if bool(signed_deterministic.get("approve")) != bool(current_deterministic["approve"]):
                    raise GovernanceError("Review attestation deterministic result is stale or inconsistent")
                criterion_review = validate_criterion_review(
                    task,
                    dict(attestation.get("decision") or {}),
                    self.evidence,
                )
                if approve and not criterion_review["ok"]:
&gt;                   raise GovernanceError(
                        "Review attestation does not prove every acceptance criterion: "
                        + "; ".join(criterion_review["findings"])
                    )
E                   jarvis.amaura.models.GovernanceError: Review attestation does not prove every acceptance criterion: Reviewer covered 0 of 3 acceptance criteria; Acceptance criteria missing reviewer coverage: [1, 2, 3]

jarvis/amaura/control_plane.py:355: GovernanceError</failure></testcase><testcase classname="tests.test_amaura_os.TestAmauraCompanyOS" name="test_only_jarvis_can_create_or_start_company_work" time="0.037" /><testcase classname="tests.test_amaura_os.TestAmauraCompanyOS" name="test_private_data_never_routes_to_cloud" time="0.042"><failure message="AssertionError: 'omniroute' != 'local'&#10;- omniroute&#10;+ local">self = &lt;test_amaura_os.TestAmauraCompanyOS testMethod=test_private_data_never_routes_to_cloud&gt;

    def test_private_data_never_routes_to_cloud(self):
        route = self.control.models.route(
            "client_communication", sensitivity="client_confidential",
            remaining_budget_cents=100, estimated_tokens=20_000,
        )
&gt;       self.assertEqual(route.provider, "local")
E       AssertionError: 'omniroute' != 'local'
E       - omniroute
E       + local

tests/test_amaura_os.py:235: AssertionError</failure></testcase><testcase classname="tests.test_amaura_os.TestAmauraCompanyOS" name="test_research_requires_a_falsifiable_hypothesis" time="0.039" /><testcase classname="tests.test_amaura_os.TestAmauraCompanyOS" name="test_tool_cost_and_data_boundaries_are_enforced" time="0.060" /><testcase classname="tests.test_amaura_oss_capabilities" name="test_oss_capability_inventory_is_complete_and_lazy" time="0.845" /><testcase classname="tests.test_amaura_oss_capabilities" name="test_resource_inventory_does_not_require_optional_modules" time="0.003" /><testcase classname="tests.test_amaura_oss_capabilities" name="test_pipeline_plans_prefer_lightweight_then_fallbacks" time="0.163" /><testcase classname="tests.test_amaura_oss_capabilities" name="test_scheduler_serializes_heavy_workers" time="5.007"><failure message="jarvis.amaura.capability_runtime.CapabilityExecutionError: Resource scheduler refused docling: projected reservation 1800 MB exceeds 1536 MB limit; state={&quot;active_heavy_jobs&quot;: 0, &quot;active_jobs&quot;: 0, &quot;effective_limit_mb&quot;: 1536, &quot;host&quot;: {&quot;available_mb&quot;: 1722, &quot;mac_free_percent&quot;: 43.0, &quot;pressure&quot;: &quot;green&quot;, &quot;sampled_at&quot;: 1786557918.3770711, &quot;swap_percent&quot;: 75.7, &quot;swap_total_mb&quot;: 5120, &quot;swap_used_mb&quot;: 3874, &quot;total_mb&quot;: 8192, &quot;used_percent&quot;: 79.0}, &quot;process_tree_rss_mb&quot;: 113, &quot;reservations&quot;: [], &quot;reserved_mb&quot;: 0}">def test_scheduler_serializes_heavy_workers():
        scheduler = CapabilityScheduler(budget_mb=5600)
        descriptor = next(adapter.descriptor for adapter in ADAPTER_TYPES if adapter.descriptor.key == "docling")
&gt;       with scheduler.reserve(descriptor):
             ^^^^^^^^^^^^^^^^^^^^^^^^^^^^^

tests/test_amaura_oss_capabilities.py:54: 
_ _ _ _ _ _ _ _ _ _ _ _ _ _ _ _ _ _ _ _ _ _ _ _ _ _ _ _ _ _ _ _ _ _ _ _ _ _ _ _ 
/Library/Frameworks/Python.framework/Versions/3.13/lib/python3.13/contextlib.py:141: in __enter__
    return next(self.gen)
           ^^^^^^^^^^^^^^
_ _ _ _ _ _ _ _ _ _ _ _ _ _ _ _ _ _ _ _ _ _ _ _ _ _ _ _ _ _ _ _ _ _ _ _ _ _ _ _ 

self = &lt;jarvis.amaura.capability_runtime.CapabilityScheduler object at 0x10ba0c410&gt;
descriptor = CapabilityDescriptor(key='docling', name='Docling', category='documents', operations=('convert',), ram_mb=1800, heavy=True, networked=False, side_effects=False, always_on=False, install_hint='pip install docling', licence='MIT')
timeout = 5.0

    @contextlib.contextmanager
    def reserve(self, descriptor: CapabilityDescriptor, timeout: float = 5.0):
        deadline = time.monotonic() + max(0.1, timeout)
        reservation_id: str | None = None
        last_reason = "resource admission unavailable"
        last_state: dict[str, Any] = {}
        while time.monotonic() &lt; deadline:
            reservation_id, last_reason, last_state = self.ledger.try_reserve(
                capability=descriptor.key, ram_mb=descriptor.ram_mb, heavy=descriptor.heavy
            )
            if reservation_id:
                break
            time.sleep(min(0.15, max(0.01, deadline - time.monotonic())))
        if not reservation_id:
&gt;           raise CapabilityExecutionError(
                f"Resource scheduler refused {descriptor.key}: {last_reason}; state={json.dumps(last_state, sort_keys=True, default=str)}"
            )
E           jarvis.amaura.capability_runtime.CapabilityExecutionError: Resource scheduler refused docling: projected reservation 1800 MB exceeds 1536 MB limit; state={"active_heavy_jobs": 0, "active_jobs": 0, "effective_limit_mb": 1536, "host": {"available_mb": 1722, "mac_free_percent": 43.0, "pressure": "green", "sampled_at": 1786557918.3770711, "swap_percent": 75.7, "swap_total_mb": 5120, "swap_used_mb": 3874, "total_mb": 8192, "used_percent": 79.0}, "process_tree_rss_mb": 113, "reservations": [], "reserved_mb": 0}

jarvis/amaura/capability_runtime.py:2195: CapabilityExecutionError</failure></testcase><testcase classname="tests.test_amaura_oss_capabilities" name="test_antigravity_handoff_is_workspace_bound_and_human_in_loop" time="0.005" /><testcase classname="tests.test_amaura_oss_capabilities" name="test_mcp_tool_calls_fail_closed_without_operator_enable" time="0.000" /><testcase classname="tests.test_amaura_oss_capabilities" name="test_new_capability_tools_are_published_and_governed" time="0.000" /><testcase classname="tests.test_amaura_oss_capabilities" name="test_capability_execution_requires_matching_employee_permission" time="0.000" /><testcase classname="tests.test_amaura_oss_capabilities" name="test_public_resource_inventory_includes_executor_health" time="0.169" /><testcase classname="tests.test_amaura_oss_capabilities" name="test_capability_policy_is_operation_specific" time="0.000" /><testcase classname="tests.test_amaura_oss_capabilities" name="test_arbitrary_mcp_side_effects_are_not_employee_executable" time="0.000" /><testcase classname="tests.test_amaura_oss_capabilities" name="test_antigravity_handoff_is_allowed_for_jarvis_plan_permission" time="0.000" /><testcase classname="tests.test_amaura_oss_capabilities" name="test_heavy_python_capability_can_execute_in_disposable_worker" time="0.404" /><testcase classname="tests.test_amaura_oss_capabilities" name="test_yt_dlp_download_is_disabled_by_default" time="0.000" /><testcase classname="tests.test_amaura_oss_capabilities" name="test_comfyui_local_endpoint_is_disabled_by_default_on_small_mac_profile" time="0.000" /><testcase classname="tests.test_amaura_oss_capabilities" name="test_operation_contracts_cover_remotion_bootstrap_and_audio_mux" time="0.000" /><testcase classname="tests.test_amaura_oss_capabilities" name="test_remotion_bootstrap_creates_pinned_amaura_template_without_node" time="0.002" /><testcase classname="tests.test_amaura_oss_capabilities" name="test_browser_use_is_opt_in_even_when_package_is_present" time="0.000" /><testcase classname="tests.test_amaura_oss_capabilities" name="test_comfyui_execute_enforces_local_disable_not_only_health" time="0.000" /><testcase classname="tests.test_amaura_oss_capabilities" name="test_media_operations_have_operation_specific_permissions" time="0.000" /><testcase classname="tests.test_amaura_p0_fixes.TestEvidenceRoundTrip" name="test_get_text_via_canonical_reference" time="0.001" /><testcase classname="tests.test_amaura_p0_fixes.TestEvidenceRoundTrip" name="test_get_text_via_ev_prefix" time="0.001" /><testcase classname="tests.test_amaura_p0_fixes.TestEvidenceRoundTrip" name="test_get_text_via_bare_digest" time="0.001" /><testcase classname="tests.test_amaura_p0_fixes.TestEvidenceRoundTrip" name="test_tamper_detected" time="0.001" /><testcase classname="tests.test_amaura_p0_fixes.TestEvidenceRoundTrip" name="test_verify_accepts_canonical_reference" time="0.001" /><testcase classname="tests.test_amaura_p0_fixes.TestProtectedToolRegistry" name="test_mutation_tools_include_previously_missing" time="0.000" /><testcase classname="tests.test_amaura_p0_fixes.TestProtectedToolRegistry" name="test_sensitive_reads_are_protected" time="0.000" /><testcase classname="tests.test_amaura_p0_fixes.TestProtectedToolRegistry" name="test_business_tool_schema_requires_recipient_and_metrics_dispatch" time="0.000" /><testcase classname="tests.test_amaura_p0_fixes.TestMessageRecipientBinding" name="test_stage_message_requires_recipient" time="0.020" /><testcase classname="tests.test_amaura_p0_fixes.TestMessageRecipientBinding" name="test_stage_message_stores_recipient" time="0.015" /><testcase classname="tests.test_amaura_p0_fixes.TestMessageRecipientBinding" name="test_deliver_wrong_recipient_rejected" time="0.022" /><testcase classname="tests.test_amaura_p0_fixes.TestMessageRecipientBinding" name="test_post_approval_subject_mutation_blocked" time="0.027" /><testcase classname="tests.test_amaura_p0_fixes.TestMessageRecipientBinding" name="test_approved_payload_hash_recorded" time="0.042" /><testcase classname="tests.test_amaura_p0_fixes.TestMessageRecipientBinding" name="test_provider_failure_requires_reconciliation_before_retry" time="0.034" /><testcase classname="tests.test_amaura_p0_fixes.TestInjectionQuarantine" name="test_injection_evidence_is_rejected" time="0.018" /><testcase classname="tests.test_amaura_p0_fixes.TestWorktreeActionType" name="test_repository_write_in_executor" time="0.000" /><testcase classname="tests.test_amaura_p0_fixes.TestWorktreeActionType" name="test_repository_write_in_complete_task" time="0.000" /><testcase classname="tests.test_amaura_p0_fixes.TestWorktreeActionType" name="test_merge_failure_check_present" time="0.001" /><testcase classname="tests.test_amaura_p0_fixes.TestModelExecutionReceipt" name="test_receipt_fields_present_in_source" time="0.002" /><testcase classname="tests.test_amaura_p0_fixes.TestReviewerKeyResolution" name="test_returns_none_when_not_configured" time="0.002" /><testcase classname="tests.test_amaura_p0_fixes.TestReviewerKeyResolution" name="test_matches_correct_key" time="0.000" /><testcase classname="tests.test_amaura_p0_fixes.TestReviewerKeyResolution" name="test_rejects_wrong_key" time="0.000" /><testcase classname="tests.test_amaura_p0_fixes.TestJarvisSessionToken" name="test_session_token_attribute_present_in_init" time="0.001" /><testcase classname="tests.test_amaura_p0_fixes.TestJarvisSessionToken" name="test_tool_guard_requires_session_token" time="0.000" /><testcase classname="tests.test_amaura_p0_fixes.TestProgrammeAtomicity" name="test_atomic_block_rolls_back_on_exception" time="0.016" /><testcase classname="tests.test_amaura_p0_fixes.TestProgrammeAtomicity" name="test_sqlite_busy_timeout_set" time="0.015" /><testcase classname="tests.test_amaura_p0_fixes.TestLaunchRuntimeRouting" name="test_daemon_uses_durable_supervisor" time="0.002" /><testcase classname="tests.test_amaura_p0_fixes.TestCapabilityEnforcement" name="test_business_tools_require_matching_permission_scope" time="0.000" /><testcase classname="tests.test_amaura_p0_remediation" name="test_employee_permission_contracts_all_registered_employees_pass" time="0.005" /><testcase classname="tests.test_amaura_p0_remediation" name="test_secret_file_access_blocked" time="0.000" /><testcase classname="tests.test_amaura_p0_remediation" name="test_tool_output_secret_redaction" time="0.000" /><testcase classname="tests.test_amaura_p0_remediation" name="test_untrusted_text_isolation" time="0.000" /><testcase classname="tests.test_amaura_p0_remediation" name="test_outbound_delivery_confirm_from_sending_state" time="0.035" /><testcase classname="tests.test_amaura_p0_remediation" name="test_lead_validation_public_urls_and_email" time="0.029" /><testcase classname="tests.test_amaura_p0_remediation" name="test_release_gate_schema_and_permission_contract" time="1.578" /><testcase classname="tests.test_amaura_production.TestAmauraProductionControls" name="test_deterministic_review_rejects_failed_and_unvaulted_tool_evidence" time="0.002" /><testcase classname="tests.test_amaura_production.TestAmauraProductionControls" name="test_dns_resolution_blocks_private_and_metadata_destinations" time="0.000" /><testcase classname="tests.test_amaura_production.TestAmauraProductionControls" name="test_docker_sandbox_disables_network_and_drops_privileges" time="0.001" /><testcase classname="tests.test_amaura_production.TestAmauraProductionControls" name="test_evidence_vault_is_content_addressed_and_detects_tampering" time="0.002" /><testcase classname="tests.test_amaura_production.TestAmauraProductionControls" name="test_gmail_adapter_requires_real_provider_identifier" time="0.006" /><testcase classname="tests.test_amaura_production.TestAmauraProductionControls" name="test_host_execution_fails_closed_without_break_glass" time="0.001" /><testcase classname="tests.test_amaura_production.TestAmauraProductionControls" name="test_metrics_traces_and_alerts_survive_restart" time="0.035" /><testcase classname="tests.test_amaura_production.TestAmauraProductionControls" name="test_private_publication_adapter_never_accepts_public_visibility" time="0.000" /><testcase classname="tests.test_amaura_production.TestAmauraProductionControls" name="test_provider_receipt_binds_operation_idempotency_and_payload" time="0.000" /><testcase classname="tests.test_amaura_production.TestAmauraProductionControls" name="test_provider_transport_rejects_changed_destination" time="0.000" /><testcase classname="tests.test_amaura_production.TestAmauraProductionControls" name="test_readiness_separates_source_from_unavailable_live_infrastructure" time="0.103"><failure message="AssertionError: False is not true">self = &lt;test_amaura_production.TestAmauraProductionControls testMethod=test_readiness_separates_source_from_unavailable_live_infrastructure&gt;

    def test_readiness_separates_source_from_unavailable_live_infrastructure(self):
        with tempfile.TemporaryDirectory() as directory:
            with patch.dict(
                os.environ,
                {
                    "AMAURA_MODEL_MODE": "local",
                    "AMAURA_LOCAL_MODEL": "worker-model",
                    "AMAURA_LOCAL_REVIEW_MODEL": "reviewer-model",
                    "AMAURA_SANDBOX_MODE": "docker",
                },
            ):
                control = AmauraControlPlane(Path(directory) / "amaura.db")
                report = production_readiness(control, live=False)
                control.close()
&gt;       self.assertTrue(report["source_certified"])
E       AssertionError: False is not true

tests/test_amaura_production.py:332: AssertionError</failure></testcase><testcase classname="tests.test_amaura_production.TestAmauraProductionControls" name="test_review_attestation_is_signed_and_tamper_evident" time="0.000" /><testcase classname="tests.test_amaura_production.TestAmauraProductionControls" name="test_review_models_must_be_distinct_for_production" time="0.109"><failure message="AssertionError: True is not false">self = &lt;test_amaura_production.TestAmauraProductionControls testMethod=test_review_models_must_be_distinct_for_production&gt;

    def test_review_models_must_be_distinct_for_production(self):
        with tempfile.TemporaryDirectory() as directory:
            with patch.dict(
                os.environ,
                {
                    "AMAURA_MODEL_MODE": "local",
                    "AMAURA_LOCAL_MODEL": "same-model",
                    "AMAURA_LOCAL_REVIEW_MODEL": "same-model",
                },
            ):
                control = AmauraControlPlane(Path(directory) / "amaura.db")
                report = production_readiness(control, live=False)
                control.close()
&gt;       self.assertFalse(report["checks"]["distinct_reviewer_model"])
E       AssertionError: True is not false

tests/test_amaura_production.py:367: AssertionError</failure></testcase><testcase classname="tests.test_amaura_production.TestAmauraProductionControls" name="test_review_task_accepts_real_object_decision_attestation" time="0.032"><failure message="jarvis.amaura.models.GovernanceError: Review attestation was signed for a different task submission">self = &lt;test_amaura_production.TestAmauraProductionControls testMethod=test_review_task_accepts_real_object_decision_attestation&gt;

    def test_review_task_accepts_real_object_decision_attestation(self):
        with patch.dict(os.environ, {"AMAURA_REVIEW_ATTESTATION_KEY": ATTESTATION_KEY}):
            control = AmauraControlPlane(Path(tempfile.mkdtemp()) / "amaura.db")
            try:
                created = control.create_program(
                    objective="Verify review contract",
                    success_metric="Object decision attestations approve tasks",
                    workflow_key="software_delivery",
                )
                task = created["tasks"][0]
                control.start_task(task["id"], actor="jarvis")
                control.submit_task(
                    task["id"],
                    actor=task["owner_id"],
                    summary="All criteria are met.",
                    evidence=[{"type": "test_report", "reference": "artifact://review-contract"}],
                )
                decision = {
                    "approve": True,
                    "findings": "Evidence independently verified.",
                    "criteria": [],
                }
                deterministic = deterministic_evidence_review(task, control.evidence)
                attestation = create_review_attestation(
                    task_id=task["id"],
                    reviewer_id=task["reviewer_id"],
                    reviewer_model="reviewer-model",
                    decision=decision,
                    deterministic_review=deterministic,
                )
&gt;               updated = control.review_task(
                    task["id"],
                    actor=task["reviewer_id"],
                    approve=True,
                    findings=decision["findings"],
                    attestation=attestation,
                )

tests/test_amaura_production.py:148: 
_ _ _ _ _ _ _ _ _ _ _ _ _ _ _ _ _ _ _ _ _ _ _ _ _ _ _ _ _ _ _ _ _ _ _ _ _ _ _ _ 

self = &lt;jarvis.amaura.control_plane.AmauraControlPlane object at 0x113548550&gt;
task_id = 'task_d28b71d6a64d', actor = 'technical_architect', approve = True
findings = 'Evidence independently verified.'
attestation = {'task_id': 'task_d28b71d6a64d', 'reviewer_id': 'technical_architect', 'reviewer_model': 'reviewer-model', 'reviewer_provider': '', ...}

    def review_task(self, task_id: str, actor: str, approve: bool, findings: str, attestation: dict[str, Any] | None = None) -&gt; dict[str, Any]:
        task = self._task(task_id)
        if actor != task["reviewer_id"]:
            self.store.audit(actor, "review", "task", task_id, "denied", {"expected": task["reviewer_id"]})
            raise GovernanceError(f"Independent review must be performed by '{task['reviewer_id']}'")
        if actor == task["owner_id"]:
            raise GovernanceError("No agent may certify its own work")
        if actor != self.founder_id:
            from jarvis.amaura.evidence import (
                deterministic_evidence_review,
                strict_review_enabled,
                validate_criterion_review,
                verify_review_attestation,
            )
            if not attestation:
                raise GovernanceError("Review attestation is required for non-founder reviewers")
            if not verify_review_attestation(attestation):
                raise GovernanceError("Invalid review attestation signature")
            if attestation.get("reviewer_id") != actor or attestation.get("task_id") != task_id:
                raise GovernanceError("Attestation does not match task and reviewer")
            attestation_decision = self._attestation_approves(attestation)
            if attestation_decision != approve:
                raise GovernanceError("Attestation decision does not match review approval")
            if strict_review_enabled(task):
                current_deterministic = deterministic_evidence_review(task, self.evidence)
                signed_deterministic = attestation.get("deterministic_review")
                if not isinstance(signed_deterministic, dict):
                    raise GovernanceError("Review attestation is missing deterministic evidence verification")
                if signed_deterministic.get("submission_sha256") != current_deterministic["submission_sha256"]:
&gt;                   raise GovernanceError("Review attestation was signed for a different task submission")
E                   jarvis.amaura.models.GovernanceError: Review attestation was signed for a different task submission

jarvis/amaura/control_plane.py:346: GovernanceError</failure></testcase><testcase classname="tests.test_amaura_production.TestAmauraProductionControls" name="test_static_release_gate_uses_source_certified_not_ready" time="0.995" /><testcase classname="tests.test_amaura_providers" name="test_provider_matrix_dispatch_gmail" time="0.002" /><testcase classname="tests.test_amaura_providers" name="test_provider_matrix_dispatch_n8n" time="0.000" /><testcase classname="tests.test_amaura_providers" name="test_provider_matrix_dispatch_private_publication" time="0.000" /><testcase classname="tests.test_amaura_release_builder" name="test_release_builder_rejects_runtime_state_and_secrets" time="0.000" /><testcase classname="tests.test_amaura_release_builder" name="test_release_builder_allows_template_and_source" time="0.000" /><testcase classname="tests.test_amaura_store" name="test_company_store_nested_savepoints" time="0.019" /><testcase classname="tests.test_amaura_supervisor.TestAmauraSupervisor" name="test_approval_is_bound_to_exact_payload" time="0.030"><failure message="jarvis.amaura.models.GovernanceError: Review attestation does not prove every acceptance criterion: Reviewer covered 0 of 3 acceptance criteria; Acceptance criteria missing reviewer coverage: [1, 2, 3]">self = &lt;test_amaura_supervisor.TestAmauraSupervisor testMethod=test_approval_is_bound_to_exact_payload&gt;

    def test_approval_is_bound_to_exact_payload(self):
        programme = self.control.create_program(
            objective="Publish a verified update",
            success_metric="Every public claim is independently evidenced",
            workflow_key="content_campaign",
        )
        evidence_task, content_task, _ = programme["tasks"]
        for task in (evidence_task,):
            self.control.start_task(task["id"])
            self.control.submit_task(
                task["id"],
                task["owner_id"],
                "Evidence register is complete.",
                [{"type": "evidence", "reference": "artifact://evidence/v1"}],
            )
&gt;           self.control.review_task(
                task["id"],
                task["reviewer_id"],
                True,
                "Evidence sources verified.",
                attestation=self._attestation(task["id"], task["reviewer_id"]),
            )

tests/test_amaura_supervisor.py:195: 
_ _ _ _ _ _ _ _ _ _ _ _ _ _ _ _ _ _ _ _ _ _ _ _ _ _ _ _ _ _ _ _ _ _ _ _ _ _ _ _ 

self = &lt;jarvis.amaura.control_plane.AmauraControlPlane object at 0x11354b890&gt;
task_id = 'task_62e0d575aebd', actor = 'jarvis', approve = True
findings = 'Evidence sources verified.'
attestation = {'signature': 'mock', 'decision': {'approve': True, 'criteria': []}, 'deterministic_review': {'approve': False, 'findi...nt-addressed evidence vault'], 'verified_evidence': [], 'criteria_count': 3, ...}, 'task_id': 'task_62e0d575aebd', ...}

    def review_task(self, task_id: str, actor: str, approve: bool, findings: str, attestation: dict[str, Any] | None = None) -&gt; dict[str, Any]:
        task = self._task(task_id)
        if actor != task["reviewer_id"]:
            self.store.audit(actor, "review", "task", task_id, "denied", {"expected": task["reviewer_id"]})
            raise GovernanceError(f"Independent review must be performed by '{task['reviewer_id']}'")
        if actor == task["owner_id"]:
            raise GovernanceError("No agent may certify its own work")
        if actor != self.founder_id:
            from jarvis.amaura.evidence import (
                deterministic_evidence_review,
                strict_review_enabled,
                validate_criterion_review,
                verify_review_attestation,
            )
            if not attestation:
                raise GovernanceError("Review attestation is required for non-founder reviewers")
            if not verify_review_attestation(attestation):
                raise GovernanceError("Invalid review attestation signature")
            if attestation.get("reviewer_id") != actor or attestation.get("task_id") != task_id:
                raise GovernanceError("Attestation does not match task and reviewer")
            attestation_decision = self._attestation_approves(attestation)
            if attestation_decision != approve:
                raise GovernanceError("Attestation decision does not match review approval")
            if strict_review_enabled(task):
                current_deterministic = deterministic_evidence_review(task, self.evidence)
                signed_deterministic = attestation.get("deterministic_review")
                if not isinstance(signed_deterministic, dict):
                    raise GovernanceError("Review attestation is missing deterministic evidence verification")
                if signed_deterministic.get("submission_sha256") != current_deterministic["submission_sha256"]:
                    raise GovernanceError("Review attestation was signed for a different task submission")
                if bool(signed_deterministic.get("approve")) != bool(current_deterministic["approve"]):
                    raise GovernanceError("Review attestation deterministic result is stale or inconsistent")
                criterion_review = validate_criterion_review(
                    task,
                    dict(attestation.get("decision") or {}),
                    self.evidence,
                )
                if approve and not criterion_review["ok"]:
&gt;                   raise GovernanceError(
                        "Review attestation does not prove every acceptance criterion: "
                        + "; ".join(criterion_review["findings"])
                    )
E                   jarvis.amaura.models.GovernanceError: Review attestation does not prove every acceptance criterion: Reviewer covered 0 of 3 acceptance criteria; Acceptance criteria missing reviewer coverage: [1, 2, 3]

jarvis/amaura/control_plane.py:355: GovernanceError</failure></testcase><testcase classname="tests.test_amaura_supervisor.TestAmauraSupervisor" name="test_audit_chain_detects_database_tampering" time="0.038"><failure message="AssertionError: False is not true">self = &lt;test_amaura_supervisor.TestAmauraSupervisor testMethod=test_audit_chain_detects_database_tampering&gt;

    def test_audit_chain_detects_database_tampering(self):
        self._programme()
&gt;       self.assertTrue(self.control.store.audit_chain_check()["ok"])
E       AssertionError: False is not true

tests/test_amaura_supervisor.py:231: AssertionError</failure></testcase><testcase classname="tests.test_amaura_supervisor.TestAmauraSupervisor" name="test_expired_worker_lease_is_recovered" time="0.023" /><testcase classname="tests.test_amaura_supervisor.TestAmauraSupervisor" name="test_explicit_local_mode_is_zero_cost_and_has_no_cloud_fallback" time="0.022"><failure message="jarvis.amaura.models.GovernanceError: Estimated model cost 12c exceeds remaining task budget 0c">self = &lt;test_amaura_supervisor.TestAmauraSupervisor testMethod=test_explicit_local_mode_is_zero_cost_and_has_no_cloud_fallback&gt;

    def test_explicit_local_mode_is_zero_cost_and_has_no_cloud_fallback(self):
        with patch.dict(
            "os.environ",
            {"AMAURA_MODEL_MODE": "local", "AMAURA_LOCAL_MODEL": "nova:3b"},
            clear=False,
        ):
&gt;           route = self.control.models.route(
                "builder",
                remaining_budget_cents=0,
                estimated_tokens=50_000,
            )

tests/test_amaura_supervisor.py:286: 
_ _ _ _ _ _ _ _ _ _ _ _ _ _ _ _ _ _ _ _ _ _ _ _ _ _ _ _ _ _ _ _ _ _ _ _ _ _ _ _ 

self = &lt;jarvis.amaura.model_gateway.ModelGateway object at 0x113557c50&gt;
agent_id = 'builder', risk = 'low', sensitivity = 'internal'
estimated_tokens = 50000, remaining_budget_cents = 0, needs_vision = False

    def route(
        self,
        agent_id: str,
        *,
        risk: str = "low",
        sensitivity: str = "internal",
        estimated_tokens: int = 4000,
        remaining_budget_cents: int,
        needs_vision: bool = False,
    ) -&gt; ModelRoute:
        agent = get_agent(agent_id)
        estimated_tokens = max(1, int(estimated_tokens))
        mode = os.environ.get("AMAURA_MODEL_MODE", "local").strip().lower()
        provider_env = os.environ.get("AMAURA_MODEL_PROVIDER", "").strip().lower()
        if mode not in {"local", "balanced", "cloud", "omniroute"} and provider_env != "omniroute":
            raise GovernanceError("AMAURA_MODEL_MODE must be local, balanced, cloud, or omniroute")
    
        if provider_env == "omniroute" or mode == "omniroute":
            omni_model = os.environ.get("AMAURA_OMNIROUTE_MODEL", "").strip() or os.environ.get("OMNIROUTE_MODEL", "").strip() or os.environ.get("AMAURA_CLOUD_WORKER_MODEL", "").strip()
            if not omni_model:
                raise GovernanceError("AMAURA_OMNIROUTE_MODEL is required when provider is omniroute")
            route = ModelRoute(
                model_key=omni_model,
                provider="omniroute",
                privacy="cloud_approved",
                estimated_cost_cents=max(1, estimated_tokens // 4000),
                fallback_model_key=os.environ.get("AMAURA_OMNIROUTE_FALLBACK_MODEL", "").strip() or None,
                reason="Governed task is routed through the OmniRoute cognition gateway.",
            )
            if route.estimated_cost_cents &gt; remaining_budget_cents:
&gt;               raise GovernanceError(
                    f"Estimated model cost {route.estimated_cost_cents}c exceeds remaining task budget {remaining_budget_cents}c"
                )
E               jarvis.amaura.models.GovernanceError: Estimated model cost 12c exceeds remaining task budget 0c

jarvis/amaura/model_gateway.py:58: GovernanceError</failure></testcase><testcase classname="tests.test_amaura_supervisor.TestAmauraSupervisor" name="test_policy_blocks_ssrf_shell_injection_and_workspace_escape" time="0.023" /><testcase classname="tests.test_amaura_supervisor.TestAmauraSupervisor" name="test_supervisor_leases_executes_and_reviews_independently" time="0.025"><failure message="AssertionError: 'review_deferred' != 'reviewed'&#10;- review_deferred&#10;+ reviewed">self = &lt;test_amaura_supervisor.TestAmauraSupervisor testMethod=test_supervisor_leases_executes_and_reviews_independently&gt;

    def test_supervisor_leases_executes_and_reviews_independently(self):
        programme = self._programme()
        first = programme["tasks"][0]
        supervisor = AmauraSupervisor(
            self.control,
            worker_id="test-worker",
            runner_factory=_SuccessfulRunner,
            reviewer_factory=_SuccessfulReviewer,
        )
    
        executed = supervisor.tick()
        self.assertEqual(executed["status"], "executed")
        self.assertEqual(executed["execution"]["state"], "succeeded")
        self.assertEqual(
            self.control.store.get_work_item(first["id"])["state"],
            TaskState.AWAITING_REVIEW.value,
        )
    
        reviewed = supervisor.tick()
&gt;       self.assertEqual(reviewed["status"], "reviewed")
E       AssertionError: 'review_deferred' != 'reviewed'
E       - review_deferred
E       + reviewed

tests/test_amaura_supervisor.py:121: AssertionError</failure></testcase><testcase classname="tests.test_amaura_supervisor.TestAmauraSupervisor" name="test_transient_failures_retry_once_then_fail_closed" time="0.028" /><testcase classname="tests.test_amaura_supervisor" name="test_cloud_reviewer_uses_distinct_nvidia_model" time="0.026" /><testcase classname="tests.test_amaura_supervisor" name="test_cloud_reviewer_rejects_same_worker_model" time="0.025" /><testcase classname="tests.test_amaura_trust_foundation" name="test_audit_chain_is_atomic_across_processes" time="3.066"><failure message="assert 1 == 0">tmp_path = PosixPath('/private/var/folders/3t/t_zmxljd573839_bvb_mkc180000gn/T/pytest-of-ashishsingh/pytest-56/test_audit_chain_is_atomic_acr0')
monkeypatch = &lt;_pytest.monkeypatch.MonkeyPatch object at 0x113b7a970&gt;

    def test_audit_chain_is_atomic_across_processes(tmp_path, monkeypatch):
        db = tmp_path / "company.db"
        checkpoint = tmp_path / "audit-head.json"
        key = "audit-key-" + "a" * 64
        monkeypatch.setenv("AMAURA_AUDIT_HMAC_KEY", key)
        monkeypatch.setenv("AMAURA_AUDIT_CHECKPOINT_PATH", str(checkpoint))
        CompanyStore(db).close()
        ctx = mp.get_context("spawn")
        processes = [ctx.Process(target=_audit_writer, args=(str(db), str(checkpoint), key, worker, 25)) for worker in range(16)]
        for process in processes:
            process.start()
        for process in processes:
            process.join(30)
            exitcode = process.exitcode
            process.close()
&gt;           assert exitcode == 0
E           assert 1 == 0

tests/test_amaura_trust_foundation.py:75: AssertionError</failure></testcase><testcase classname="tests.test_amaura_trust_foundation" name="test_recomputed_history_is_rejected_by_hmac_and_checkpoint" time="0.018" /><testcase classname="tests.test_amaura_trust_foundation" name="test_evidence_reference_binds_provenance_and_detects_manifest_tampering" time="0.002" /><testcase classname="tests.test_amaura_trust_foundation" name="test_request_transport_receives_only_prevalidated_ip" time="0.001" /><testcase classname="tests.test_amaura_trust_foundation" name="test_hud_escapes_model_html_and_server_sets_strict_csp" time="0.143" /><testcase classname="tests.test_amaura_trust_foundation" name="test_local_amaura_reads_require_operator_key" time="0.039" /><testcase classname="tests.test_amaura_trust_foundation" name="test_venture_slot_admission_is_atomic_across_processes" time="1.923" /><testcase classname="tests.test_amaura_v350_hardening" name="test_read_only_mode_cannot_mutate_crm_or_communications" time="0.001" /><testcase classname="tests.test_amaura_v350_hardening" name="test_full_legacy_mode_requires_explicit_break_glass" time="0.001" /><testcase classname="tests.test_amaura_v350_hardening" name="test_review_attestation_binds_actual_provider_and_requested_model" time="0.000" /><testcase classname="tests.test_amaura_v350_hardening" name="test_autopilot_poison_cycle_opens_circuit_without_crash_loop" time="0.001" /><testcase classname="tests.test_amaura_v350_hardening" name="test_imessage_user_data_is_passed_as_arguments_not_script_source" time="0.000" /><testcase classname="tests.test_amaura_v350_hardening" name="test_reminder_preserves_notes_via_argument_binding" time="0.000" /><testcase classname="tests.test_amaura_v350_hardening" name="test_calendar_contract_uses_requested_time_duration_and_notes" time="0.000" /><testcase classname="tests.test_amaura_v350_hardening" name="test_desktop_release_surface_is_complete_and_sandboxed" time="0.000" /><testcase classname="tests.test_amaura_v350_hardening" name="test_runtime_client_does_not_search_legacy_desktop_configuration" time="0.000" /><testcase classname="tests.test_amaura_v350_hardening" name="test_model_gateway_uses_explicit_cloud_model_and_local_fallback" time="0.001"><failure message="AssertionError: assert 'auto/best-coding' == 'cloud-worker'&#10;  &#10;  - cloud-worker&#10;  + auto/best-coding">def test_model_gateway_uses_explicit_cloud_model_and_local_fallback():
        from jarvis.amaura.model_gateway import ModelGateway
        with patch.dict(os.environ, {
            "AMAURA_MODEL_MODE": "balanced",
            "AMAURA_LOCAL_MODEL": "local-worker",
            "AMAURA_CLOUD_WORKER_MODEL": "cloud-worker",
        }, clear=False):
            route = ModelGateway().route("builder", remaining_budget_cents=100)
&gt;       assert route.model_key == "cloud-worker"
E       AssertionError: assert 'auto/best-coding' == 'cloud-worker'
E         
E         - cloud-worker
E         + auto/best-coding

[...]
_pressure_is_not_red_from_sticky_swap" time="0.000" /><testcase classname="tests.test_amaura_v361_resource_security" name="test_cross_process_ledger_allows_only_one_heavy_job" time="0.001" /><testcase classname="tests.test_amaura_v361_resource_security" name="test_pressure_mode_blocks_new_heavy_workers" time="0.001" /><testcase classname="tests.test_amaura_v361_resource_security" name="test_yellow_pressure_allows_one_pressure_bounded_remote_worker" time="0.001" /><testcase classname="tests.test_amaura_v361_resource_security" name="test_isolated_worker_environment_scrubs_unrelated_secrets" time="0.001" /><testcase classname="tests.test_amaura_v361_resource_security" name="test_subprocess_tree_is_killed_when_rss_ceiling_is_exceeded" time="0.005" /><testcase classname="tests.test_amaura_v361_resource_security" name="test_mcp_contract_exposes_server_id_not_process_launch_parameters" time="0.000" /><testcase classname="tests.test_amaura_v361_resource_security" name="test_playwright_request_guard_blocks_private_and_websocket_destinations" time="0.000" /><testcase classname="tests.test_amaura_v361_resource_security" name="test_remotion_render_rejects_template_tampering" time="0.002" /><testcase classname="tests.test_amaura_ventures" name="test_venture_catalogue_and_score_are_deterministic" time="0.035" /><testcase classname="tests.test_amaura_ventures" name="test_venture_rejects_weak_or_unbounded_ideas" time="0.039" /><testcase classname="tests.test_amaura_ventures" name="test_founder_starts_one_timeboxed_validation_sprint" time="0.026" /><testcase classname="tests.test_amaura_ventures" name="test_venture_metric_requires_evidence_and_drives_recommendation" time="0.025" /><testcase classname="tests.test_amaura_ventures" name="test_expired_weak_sprint_recommends_kill" time="0.030" /><testcase classname="tests.test_amaura_ventures" name="test_company_bootstrap_includes_separate_ventures_objectives" time="0.032" /><testcase classname="tests.test_amaura_ventures_cashflow" name="test_cashflow_lane_catalogue_and_ranking" time="0.030" /><testcase classname="tests.test_amaura_ventures_cashflow" name="test_stream_creation_is_founder_gated_and_time_bounded" time="0.033" /><testcase classname="tests.test_amaura_ventures_cashflow" name="test_cashflow_financial_ledger_and_portfolio" time="0.031" /><testcase classname="tests.test_amaura_ventures_cashflow" name="test_cashflow_action_queue_fails_closed_for_external_actions" time="16.284" /><testcase classname="tests.test_amaura_ventures_cashflow" name="test_cashflow_rejects_spam_and_plagiarism" time="0.026" /><testcase classname="tests.test_amaura_ventures_cashflow" name="test_goal_compiler_routes_side_hustle_to_ventures" time="0.000" /><testcase classname="tests.test_amaura_ventures_cashflow" name="test_company_bootstrap_includes_cashflow_objective" time="0.024" /><testcase classname="tests.test_amaura_ventures_cashflow" name="test_financial_events_are_idempotent_and_currency_safe" time="0.021" /><testcase classname="tests.test_amaura_ventures_cashflow" name="test_founder_time_cap_is_portfolio_wide" time="0.022" /><testcase classname="tests.test_amaura_ventures_cashflow" name="test_arbitrary_receipt_string_cannot_create_revenue" time="0.021" /><testcase classname="tests.test_amaura_ventures_cashflow" name="test_founder_manual_finance_is_separate_from_provider_verified" time="0.022" /><testcase classname="tests.test_amaura_ventures_cashflow" name="test_cashflow_action_uses_canonical_company_approval" time="0.057" /><testcase classname="tests.test_amaura_ventures_cashflow" name="test_cashflow_action_payload_mutation_invalidates_approval" time="0.023" /><testcase classname="tests.test_amaura_ventures_cashflow" name="test_internal_cashflow_action_materializes_jarvis_mission" time="0.087" /><testcase classname="tests.test_amaura_ventures_cashflow" name="test_provider_receipt_cannot_be_replayed_with_different_amount" time="0.021" /><testcase classname="tests.test_amaura_ventures_cashflow" name="test_unit_economics_separate_cogs_marketing_tax_and_operating_cost" time="0.026" /><testcase classname="tests.test_amaura_ventures_cashflow" name="test_lane_ranking_learns_from_real_stream_outcomes" time="0.025" /><testcase classname="tests.test_amaura_ventures_cashflow" name="test_founder_attention_admission_is_atomic_across_connections" time="0.030" /><testcase classname="tests.test_amaura_ventures_cashflow" name="test_live_stream_cap_transition_is_atomic" time="0.032" /><testcase classname="tests.test_amaura_ventures_cashflow" name="test_runtime_status_api_is_exposed" time="0.000" /><testcase classname="tests.test_amaura_ventures_cashflow" name="test_generic_company_approval_unblocks_venture_action_on_next_tick" time="0.127" /><testcase classname="tests.test_amaura_ventures_cashflow" name="test_cancelling_cashflow_action_cancels_linked_jarvis_mission" time="0.096" /><testcase classname="tests.test_amaura_ventures_cashflow" name="test_completed_jarvis_mission_closes_cashflow_action_with_evidence" time="0.109" /><testcase classname="tests.test_amaura_ventures_cashflow" name="test_evidence_vault_provider_label_cannot_mint_verified_revenue" time="0.034" /><testcase classname="tests.test_amaura_ventures_cashflow" name="test_failed_cashflow_action_retry_creates_fresh_mission" time="0.155" /><testcase classname="tests.test_amaura_ventures_cashflow" name="test_founder_manual_event_id_prevents_conflicting_duplicate" time="0.056" /><testcase classname="tests.test_amaura_ventures_cashflow" name="test_failed_provider_receipt_cannot_count_as_financial_truth" time="0.040" /><testcase classname="tests.test_amaura_ventures_cashflow" name="test_v53_database_migrates_financial_and_action_trust_columns" time="0.017" /><testcase classname="tests.test_antigravity_contract.TestExtractContractAccept" name="test_contract_as_last_json_line" time="0.000" /><testcase classname="tests.test_antigravity_contract.TestExtractContractAccept" name="test_contract_nested_in_result_key" time="0.000" /><testcase classname="tests.test_antigravity_contract.TestExtractContractAccept" name="test_contract_nested_in_structured_output" time="0.000" /><testcase classname="tests.test_antigravity_contract.TestExtractContractAccept" name="test_full_valid_contract_with_schema" time="0.000" /><testcase classname="tests.test_antigravity_contract.TestExtractContractAccept" name="test_schema_omission_compatibility_fallback" time="0.000" /><testcase classname="tests.test_antigravity_contract.TestExtractContractAccept" name="test_schema_omission_with_message_as_summary_fallback" time="0.000" /><testcase classname="tests.test_antigravity_contract.TestExtractContractAccept" name="test_schema_omission_with_result_as_summary_fallback" time="0.000" /><testcase classname="tests.test_antigravity_contract.TestExtractContractRejectByExtractor" name="test_arbitrary_json_no_contract_keys" time="0.000" /><testcase classname="tests.test_antigravity_contract.TestExtractContractRejectByExtractor" name="test_empty_json_object" time="0.000" /><testcase classname="tests.test_antigravity_contract.TestExtractContractRejectByExtractor" name="test_empty_string" time="0.000" /><testcase classname="tests.test_antigravity_contract.TestExtractContractRejectByExtractor" name="test_malformed_json_only" time="0.000" /><testcase classname="tests.test_antigravity_contract.TestExtractContractRejectByExtractor" name="test_missing_changed_files_and_no_schema" time="0.000" /><testcase classname="tests.test_antigravity_contract.TestExtractContractRejectByExtractor" name="test_missing_verification_commands_and_no_schema" time="0.000" /><testcase classname="tests.test_antigravity_contract.TestExtractContractRejectByExtractor" name="test_permission_bypass_keys_do_not_match" time="0.000" /><testcase classname="tests.test_antigravity_contract.TestExtractContractRejectByExtractor" name="test_success_false" time="0.000" /><testcase classname="tests.test_antigravity_contract.TestExtractContractRejectByExtractor" name="test_success_integer_one" time="0.000" /><testcase classname="tests.test_antigravity_contract.TestExtractContractRejectByExtractor" name="test_success_string_true" time="0.000" /><testcase classname="tests.test_antigravity_contract.TestExtractContractRejectByExtractor" name="test_summary_too_short_in_fallback" time="0.000" /><testcase classname="tests.test_antigravity_contract.TestExtractContractRejectByModelValidate" name="test_absolute_path_in_changed_files_rejected" time="0.000" /><testcase classname="tests.test_antigravity_contract.TestExtractContractRejectByModelValidate" name="test_changed_files_string_not_list_with_schema" time="0.000" /><testcase classname="tests.test_antigravity_contract.TestExtractContractRejectByModelValidate" name="test_empty_changed_files_with_schema_present" time="0.000" /><testcase classname="tests.test_antigravity_contract.TestExtractContractRejectByModelValidate" name="test_empty_verification_commands_with_schema_present" time="0.000" /><testcase classname="tests.test_antigravity_contract.TestExtractContractRejectByModelValidate" name="test_inline_python_c_rejected" time="0.000" /><testcase classname="tests.test_antigravity_contract.TestExtractContractRejectByModelValidate" name="test_missing_changed_files_with_schema_present" time="0.000" /><testcase classname="tests.test_antigravity_contract.TestExtractContractRejectByModelValidate" name="test_missing_verification_commands_with_schema_present" time="0.000" /><testcase classname="tests.test_antigravity_contract.TestExtractContractRejectByModelValidate" name="test_path_traversal_in_changed_files_rejected" time="0.000" /><testcase classname="tests.test_antigravity_contract.TestExtractContractRejectByModelValidate" name="test_remaining_failures_blocks_success" time="0.000" /><testcase classname="tests.test_antigravity_contract.TestExtractContractRejectByModelValidate" name="test_schema_omission_normalised_passes_model_validate" time="0.000" /><testcase classname="tests.test_antigravity_contract.TestExtractContractRejectByModelValidate" name="test_verification_commands_string_not_list_with_schema" time="0.000" /><testcase classname="tests.test_app_builder.TestAppBuilder" name="test_create_fullstack_app" time="0.001" /><testcase classname="tests.test_ast_indexer.TestASTIndexer" name="test_index_and_search" time="0.001" /><testcase classname="tests.test_browser.TestBrowser" name="test_navigate_and_extract" time="0.003" /><testcase classname="tests.test_browser.TestBrowser" name="test_session_management" time="0.000" /><testcase classname="tests.test_browser.TestBrowser" name="test_tabs_management" time="0.000" /><testcase classname="tests.test_browser.TestBrowser" name="test_upload_missing_file_error" time="0.000" /><testcase classname="tests.test_fable_engine.TestFableEngineIntegration" name="test_agent_does_not_mutate_process_working_directory" time="0.021" /><testcase classname="tests.test_fable_engine.TestFableEngineIntegration" name="test_agent_run_fable_reasoning" time="0.273" /><testcase classname="tests.test_fable_engine.TestFableEngineIntegration" name="test_ast_indexer" time="0.001" /><testcase classname="tests.test_fable_engine.TestFableEngineIntegration" name="test_config_loader" time="0.000" /><testcase classname="tests.test_fable_engine.TestFableEngineIntegration" name="test_fable_planner" time="0.000" /><testcase classname="tests.test_fable_engine.TestFableEngineIntegration" name="test_model_resolver_aliases" time="0.000" /><testcase classname="tests.test_fable_engine.TestFableEngineIntegration" name="test_router_generate_fallback" time="0.001" /><testcase classname="tests.test_fable_engine.TestFableEngineIntegration" name="test_router_providers" time="0.000" /><testcase classname="tests.test_fable_engine.TestFableEngineIntegration" name="test_self_healing_debugger" time="0.021" /><testcase classname="tests.test_fable_engine.TestFableEngineIntegration" name="test_workspace_executor" time="0.021" /><testcase classname="tests.test_fleet.TestFleet" name="test_briefing_and_watchdog" time="3.674" /><testcase classname="tests.test_fleet.TestFleet" name="test_daemon_manager" time="0.421" /><testcase classname="tests.test_macos_app_control" name="test_intent_engine_boundary" time="0.001" /><testcase classname="tests.test_macos_app_control" name="test_macos_app_adapter_validation" time="0.002" /><testcase classname="tests.test_macos_app_control" name="test_capability_runtime_registration" time="0.020" /><testcase classname="tests.test_macos_app_control" name="test_cognition_dict_response_regression" time="0.001" /><testcase classname="tests.test_macos_app_control" name="test_cognition_plan_only_isolation" time="0.000" /><testcase classname="tests.test_omniroute_integration" name="test_omniroute_is_in_providers_list" time="0.000" /><testcase classname="tests.test_omniroute_integration" name="test_omniroute_is_first_in_providers_list" time="0.000" /><testcase classname="tests.test_omniroute_integration" name="test_omniroute_first_in_default_order" time="0.000" /><testcase classname="tests.test_omniroute_integration" name="test_omniroute_selected_when_configured" time="0.001"><failure message="AssertionError: assert 'groq/llama-3.3-70b-versatile' == 'gpt-4o-mini'&#10;  &#10;  - gpt-4o-mini&#10;  + groq/llama-3.3-70b-versatile">omniroute_env = None

    def test_omniroute_selected_when_configured(omniroute_env):
        sel = CognitiveModelGateway.select(purpose="general")
        assert sel is not None
        assert sel.provider == "omniroute"
&gt;       assert sel.model == "gpt-4o-mini"
E       AssertionError: assert 'groq/llama-3.3-70b-versatile' == 'gpt-4o-mini'
E         
E         - gpt-4o-mini
E         + groq/llama-3.3-70b-versatile

tests/test_omniroute_integration.py:104: AssertionError</failure></testcase><testcase classname="tests.test_omniroute_integration" name="test_general_chat_uses_fast_model_override" time="0.000" /><testcase classname="tests.test_omniroute_integration" name="test_omniroute_available_when_configured" time="0.000" /><testcase classname="tests.test_omniroute_integration" name="test_interactive_budget_is_bounded" time="0.000" /><testcase classname="tests.test_omniroute_integration" name="test_empty_completion_uses_configured_fallback" time="0.529" /><testcase classname="tests.test_omniroute_integration" name="test_circuit_opens_and_skips_unhealthy_gateway" time="0.534" /><testcase classname="tests.test_omniroute_integration" name="test_omniroute_not_available_without_key" time="0.001" /><testcase classname="tests.test_omniroute_integration" name="test_omniroute_not_available_without_url" time="0.001" /><testcase classname="tests.test_omniroute_integration" name="test_omniroute_not_available_without_model" time="0.002"><failure message="AssertionError: assert CognitiveModelSelection(provider='omniroute', model='groq/llama-3.3-70b-versatile') is None&#10; +  where CognitiveModelSelection(provider='omniroute', model='groq/llama-3.3-70b-versatile') = select(purpose='general')&#10; +    where select = CognitiveModelGateway.select">monkeypatch = &lt;_pytest.monkeypatch.MonkeyPatch object at 0x10db755c0&gt;

    def test_omniroute_not_available_without_model(monkeypatch: pytest.MonkeyPatch):
        monkeypatch.setenv("AMAURA_MODEL_PROVIDER", "omniroute")
        monkeypatch.setenv("AMAURA_OMNIROUTE_API_KEY", "sk-test-" + "x" * 32)
        monkeypatch.setenv("AMAURA_OMNIROUTE_BASE_URL", "http://127.0.0.1:19999")
        monkeypatch.delenv("AMAURA_OMNIROUTE_MODEL", raising=False)
        monkeypatch.delenv("OMNIROUTE_MODEL", raising=False)
        monkeypatch.delenv("AMAURA_JARVIS_MODEL", raising=False)
&gt;       assert CognitiveModelGateway.select(purpose="general") is None
E       AssertionError: assert CognitiveModelSelection(provider='omniroute', model='groq/llama-3.3-70b-versatile') is None
E        +  where CognitiveModelSelection(provider='omniroute', model='groq/llama-3.3-70b-versatile') = select(purpose='general')
E        +    where select = CognitiveModelGateway.select

tests/test_omniroute_integration.py:200: AssertionError</failure></testcase><testcase classname="tests.test_omniroute_integration" name="test_omniroute_status_ready" time="0.001" /><testcase classname="tests.test_omniroute_integration" name="test_status_does_not_expose_api_key" time="0.000" /><testcase classname="tests.test_omniroute_integration" name="test_redact_secrets_removes_key" time="0.001" /><testcase classname="tests.test_omniroute_integration" name="test_redact_secrets_safe_with_empty_keys" time="0.000" /><testcase classname="tests.test_omniroute_integration" name="test_omniroute_raises_on_missing_config" time="0.000" /><testcase classname="tests.test_omniroute_integration" name="test_omniroute_rejects_non_http_base_url" time="0.000" /><testcase classname="tests.test_omniroute_integration" name="test_omniroute_successful_response" time="0.523" /><testcase classname="tests.test_omniroute_integration" name="test_omniroute_reuses_process_http_pool" time="0.536" /><testcase classname="tests.test_omniroute_integration" name="test_omniroute_stream_emits_incremental_tokens" time="0.531" /><testcase classname="tests.test_omniroute_integration" name="test_omniroute_api_key_never_in_error_messages" time="0.536" /><testcase classname="tests.test_omniroute_integration" name="test_cognitive_model_result_all_provenance_fields" time="0.001" /><testcase classname="tests.test_omniroute_integration" name="test_real_fallback_preserves_requested_and_resolved_model" time="0.536" /><testcase classname="tests.test_omniroute_integration" name="test_generate_raises_without_any_provider" time="0.002" /><testcase classname="tests.test_omniroute_integration" name="test_omniroute_readiness_probe_not_configured" time="0.002" /><testcase classname="tests.test_omniroute_integration" name="test_omniroute_readiness_probe_does_not_expose_key" time="0.005" /><testcase classname="tests.test_registry.TestRegistry" name="test_execute_tool" time="0.207" /><testcase classname="tests.test_registry.TestRegistry" name="test_registry_tool_counts" time="0.001" /><testcase classname="tests.test_router.TestRouter" name="test_resolve_model" time="0.001" /><testcase classname="tests.test_router.TestRouter" name="test_routing" time="0.001" /><testcase classname="tests.test_tdd_loop.TestTDDLoop" name="test_tdd_loop_passing" time="0.014" /><testcase classname="tests.test_vector_memory.TestVectorMemory" name="test_embeddings_and_cosine" time="0.002" /><testcase classname="tests.test_vector_memory.TestVectorMemory" name="test_importance_and_hybrid_scoring" time="0.002" /><testcase classname="tests.test_vector_memory.TestVectorMemory" name="test_prune_memories" time="0.002" /><testcase classname="tests.test_vector_memory.TestVectorMemory" name="test_remember_and_recall" time="0.002" /><testcase classname="tests.test_vector_memory.TestVectorMemory" name="test_search_project_memory" time="0.001" /><testcase classname="tests.test_vector_memory.TestVectorMemory" name="test_summarization_and_compression" time="0.001" /><testcase classname="tests.test_vision.TestVision" name="test_basic_vision" time="0.761" /><testcase classname="tests.test_vision.TestVision" name="test_desk_arrival_departure_tracking" time="0.000" /><testcase classname="tests.test_vision.TestVision" name="test_face_detection" time="0.000" /><testcase classname="tests.test_vision.TestVision" name="test_gesture_recognition" time="0.000" /><testcase classname="tests.test_vision.TestVision" name="test_hand_landmarks_21_points" time="0.000" /><testcase classname="tests.test_voice.TestStreamingVoice" name="test_speaker_clean_and_stream" time="0.001" /><testcase classname="tests.test_voice.TestStreamingVoice" name="test_tool_dispatches" time="0.597" /><testcase classname="tests.test_voice.TestStreamingVoice" name="test_voice_session_state_machine" time="1.119" /><testcase classname="tests.test_voice.TestStreamingVoice" name="test_wake_word_detection" time="0.007" /></testsuite></testsuites>